#
# A fatal error has been detected by the Java Runtime Environment:
#
#  SIGILL (0x4) at pc=0x00007ff8172a413f, pid=892, tid=259
#
# JRE version: OpenJDK Runtime Environment Temurin-21.0.5+11 (21.0.5+11) (build 21.0.5+11-LTS)
# Java VM: OpenJDK 64-Bit Server VM Temurin-21.0.5+11 (21.0.5+11-LTS, mixed mode, sharing, tiered, compressed oops, compressed class ptrs, parallel gc, bsd-amd64)
# Problematic frame:
# C  [CoreFoundation+0x1d313f]  CFRunLoopRunSpecific.cold.1+0xe
#
# No core dump will be written. Core dumps have been disabled. To enable core dumping, try "ulimit -c unlimited" before starting Java again
#
# If you would like to submit a bug report, please visit:
#   https://github.com/adoptium/adoptium-support/issues
#

---------------  S U M M A R Y ------------

Command Line: --add-modules=ALL-SYSTEM --add-opens=java.base/java.util=ALL-UNNAMED --add-opens=java.base/java.lang=ALL-UNNAMED --add-opens=java.base/sun.nio.fs=ALL-UNNAMED -Declipse.application=org.eclipse.jdt.ls.core.id1 -Dosgi.bundles.defaultStartLevel=4 -Declipse.product=org.eclipse.jdt.ls.core.product -Djava.import.generatesMetadataFilesAtProjectRoot=false -DDetectVMInstallationsJob.disabled=true -Dfile.encoding=utf8 -XX:+UseParallelGC -XX:GCTimeRatio=4 -XX:AdaptiveSizePolicyWeight=90 -Dsun.zip.disableMemoryMapping=true -Xmx1G -Xms100m -Xlog:disable -javaagent:/Users/nicholassalmon/.vscode/extensions/redhat.java-1.39.0-darwin-x64/lombok/lombok-1.18.34.jar -XX:+HeapDumpOnOutOfMemoryError -XX:HeapDumpPath=/Users/nicholassalmon/Library/Application Support/Code/User/workspaceStorage/25e7e5b28ab985ea253ad46d4a764850/redhat.java -Daether.dependencyCollector.impl=bf /Users/nicholassalmon/.vscode/extensions/redhat.java-1.39.0-darwin-x64/server/plugins/org.eclipse.equinox.launcher_1.6.900.v20240613-2009.jar -configuration /Users/nicholassalmon/Library/Application Support/Code/User/globalStorage/redhat.java/1.39.0/config_mac -data /Users/nicholassalmon/Library/Application Support/Code/User/workspaceStorage/25e7e5b28ab985ea253ad46d4a764850/redhat.java/jdt_ws --pipe=/private/var/folders/jc/_16yk90n31j5g5mr0nv3r4vm0000gn/T/lsp-27c05b1d0a28c697a6d868f43adaf13d.sock

Host: "MacBookPro12,1" x86_64 3100 MHz, 4 cores, 16G, Darwin 24.3.0, macOS 15.3 (24D60)
Time: Fri Feb 21 18:41:12 2025 EST elapsed time: 57.477428 seconds (0d 0h 0m 57s)

---------------  T H R E A D  ---------------

Current thread is native thread

Stack: [0x00007ff7af833000,0x00007ff7b0033000],  sp=0x00007ff7afed2838,  free space=6782k
Native frames: (J=compiled Java code, j=interpreted, Vv=VM code, C=native code)
C  [CoreFoundation+0x1d313f]  CFRunLoopRunSpecific.cold.1+0xe
C  [HIToolbox+0xef413]  RunCurrentEventLoopInMode+0x124
C  [HIToolbox+0xf4c2e]  ReceiveNextEventCommon+0xc0
C  [HIToolbox+0xf5029]  _BlockUntilNextEventMatchingListInModeWithFilter+0x42
C  [AppKit+0x40b33]  _DPSNextEvent+0x386
C  [AppKit+0xa958b8]  -[NSApplication(NSEventRouting) _nextEventMatchingEventMask:untilDate:inMode:dequeue:]+0x50a
C  [eclipse_11904.so+0x6bcb]  +[KeyWindow dispatch]+0x7b
C  [Foundation+0x7c1a9]  __NSThreadPerformPerform+0xb2
C  [CoreFoundation+0x7bca9]  __CFRUNLOOP_IS_CALLING_OUT_TO_A_SOURCE0_PERFORM_FUNCTION__+0x11
C  [CoreFoundation+0x7bc4b]  __CFRunLoopDoSource0+0x9d
C  [CoreFoundation+0x7ba1e]  __CFRunLoopDoSources0+0xcb
C  [CoreFoundation+0x7a65e]  __CFRunLoopRun+0x3c0
C  [CoreFoundation+0x79c6e]  CFRunLoopRunSpecific+0x226
C  [HIToolbox+0xef413]  RunCurrentEventLoopInMode+0x124
C  [HIToolbox+0xf4c2e]  ReceiveNextEventCommon+0xc0
C  [HIToolbox+0xf5029]  _BlockUntilNextEventMatchingListInModeWithFilter+0x42
C  [AppKit+0x40b33]  _DPSNextEvent+0x386
C  [AppKit+0xa958b8]  -[NSApplication(NSEventRouting) _nextEventMatchingEventMask:untilDate:inMode:dequeue:]+0x50a
C  [eclipse_11904.so+0x6bcb]  +[KeyWindow dispatch]+0x7b
C  [Foundation+0x7c1a9]  __NSThreadPerformPerform+0xb2
C  [CoreFoundation+0x7bca9]  __CFRUNLOOP_IS_CALLING_OUT_TO_A_SOURCE0_PERFORM_FUNCTION__+0x11
C  [CoreFoundation+0x7bc4b]  __CFRunLoopDoSource0+0x9d
C  [CoreFoundation+0x7ba1e]  __CFRunLoopDoSources0+0xcb
C  [CoreFoundation+0x7a65e]  __CFRunLoopRun+0x3c0
C  [CoreFoundation+0x79c6e]  CFRunLoopRunSpecific+0x226
C  [HIToolbox+0xef413]  RunCurrentEventLoopInMode+0x124
C  [HIToolbox+0xf4c2e]  ReceiveNextEventCommon+0xc0
C  [HIToolbox+0xf5029]  _BlockUntilNextEventMatchingListInModeWithFilter+0x42
C  [AppKit+0x40b33]  _DPSNextEvent+0x386
C  [AppKit+0xa958b8]  -[NSApplication(NSEventRouting) _nextEventMatchingEventMask:untilDate:inMode:dequeue:]+0x50a
C  [eclipse_11904.so+0x6bcb]  +[KeyWindow dispatch]+0x7b
C  [Foundation+0x7c1a9]  __NSThreadPerformPerform+0xb2
C  [CoreFoundation+0x7bca9]  __CFRUNLOOP_IS_CALLING_OUT_TO_A_SOURCE0_PERFORM_FUNCTION__+0x11
C  [CoreFoundation+0x7bc4b]  __CFRunLoopDoSource0+0x9d
C  [CoreFoundation+0x7ba1e]  __CFRunLoopDoSources0+0xcb
C  [CoreFoundation+0x7a65e]  __CFRunLoopRun+0x3c0
C  [CoreFoundation+0x79c6e]  CFRunLoopRunSpecific+0x226
C  [HIToolbox+0xef413]  RunCurrentEventLoopInMode+0x124
C  [HIToolbox+0xf4c2e]  ReceiveNextEventCommon+0xc0
C  [HIToolbox+0xf5029]  _BlockUntilNextEventMatchingListInModeWithFilter+0x42
C  [AppKit+0x40b33]  _DPSNextEvent+0x386
C  [AppKit+0xa958b8]  -[NSApplication(NSEventRouting) _nextEventMatchingEventMask:untilDate:inMode:dequeue:]+0x50a
C  [eclipse_11904.so+0x6bcb]  +[KeyWindow dispatch]+0x7b
C  [Foundation+0x7c1a9]  __NSThreadPerformPerform+0xb2
C  [CoreFoundation+0x7bca9]  __CFRUNLOOP_IS_CALLING_OUT_TO_A_SOURCE0_PERFORM_FUNCTION__+0x11
C  [CoreFoundation+0x7bc4b]  __CFRunLoopDoSource0+0x9d
C  [CoreFoundation+0x7ba1e]  __CFRunLoopDoSources0+0xcb
C  [CoreFoundation+0x7a65e]  __CFRunLoopRun+0x3c0
C  [CoreFoundation+0x79c6e]  CFRunLoopRunSpecific+0x226
C  [HIToolbox+0xef413]  RunCurrentEventLoopInMode+0x124
C  [HIToolbox+0xf4c2e]  ReceiveNextEventCommon+0xc0
C  [HIToolbox+0xf5029]  _BlockUntilNextEventMatchingListInModeWithFilter+0x42
C  [AppKit+0x40b33]  _DPSNextEvent+0x386
C  [AppKit+0xa958b8]  -[NSApplication(NSEventRouting) _nextEventMatchingEventMask:untilDate:inMode:dequeue:]+0x50a
C  [eclipse_11904.so+0x6bcb]  +[KeyWindow dispatch]+0x7b
C  [Foundation+0x7c1a9]  __NSThreadPerformPerform+0xb2
C  [CoreFoundation+0x7bca9]  __CFRUNLOOP_IS_CALLING_OUT_TO_A_SOURCE0_PERFORM_FUNCTION__+0x11
C  [CoreFoundation+0x7bc4b]  __CFRunLoopDoSource0+0x9d
C  [CoreFoundation+0x7ba1e]  __CFRunLoopDoSources0+0xcb
C  [CoreFoundation+0x7a65e]  __CFRunLoopRun+0x3c0
C  [CoreFoundation+0x79c6e]  CFRunLoopRunSpecific+0x226
C  [HIToolbox+0xef413]  RunCurrentEventLoopInMode+0x124
C  [HIToolbox+0xf4c2e]  ReceiveNextEventCommon+0xc0
C  [HIToolbox+0xf5029]  _BlockUntilNextEventMatchingListInModeWithFilter+0x42
C  [AppKit+0x40b33]  _DPSNextEvent+0x386
C  [AppKit+0xa958b8]  -[NSApplication(NSEventRouting) _nextEventMatchingEventMask:untilDate:inMode:dequeue:]+0x50a
C  [eclipse_11904.so+0x6bcb]  +[KeyWindow dispatch]+0x7b
C  [Foundation+0x7c1a9]  __NSThreadPerformPerform+0xb2
C  [CoreFoundation+0x7bca9]  __CFRUNLOOP_IS_CALLING_OUT_TO_A_SOURCE0_PERFORM_FUNCTION__+0x11
C  [CoreFoundation+0x7bc4b]  __CFRunLoopDoSource0+0x9d
C  [CoreFoundation+0x7ba1e]  __CFRunLoopDoSources0+0xcb
C  [CoreFoundation+0x7a65e]  __CFRunLoopRun+0x3c0
C  [CoreFoundation+0x79c6e]  CFRunLoopRunSpecific+0x226
C  [HIToolbox+0xef413]  RunCurrentEventLoopInMode+0x124
C  [HIToolbox+0xf4c2e]  ReceiveNextEventCommon+0xc0
C  [HIToolbox+0xf5029]  _BlockUntilNextEventMatchingListInModeWithFilter+0x42
C  [AppKit+0x40b33]  _DPSNextEvent+0x386
C  [AppKit+0xa958b8]  -[NSApplication(NSEventRouting) _nextEventMatchingEventMask:untilDate:inMode:dequeue:]+0x50a
C  [eclipse_11904.so+0x6bcb]  +[KeyWindow dispatch]+0x7b
C  [Foundation+0x7c1a9]  __NSThreadPerformPerform+0xb2
C  [CoreFoundation+0x7bca9]  __CFRUNLOOP_IS_CALLING_OUT_TO_A_SOURCE0_PERFORM_FUNCTION__+0x11
C  [CoreFoundation+0x7bc4b]  __CFRunLoopDoSource0+0x9d
C  [CoreFoundation+0x7ba1e]  __CFRunLoopDoSources0+0xcb
C  [CoreFoundation+0x7a65e]  __CFRunLoopRun+0x3c0
C  [CoreFoundation+0x79c6e]  CFRunLoopRunSpecific+0x226
C  [HIToolbox+0xef413]  RunCurrentEventLoopInMode+0x124
C  [HIToolbox+0xf4c2e]  ReceiveNextEventCommon+0xc0
C  [HIToolbox+0xf5029]  _BlockUntilNextEventMatchingListInModeWithFilter+0x42
C  [AppKit+0x40b33]  _DPSNextEvent+0x386
C  [AppKit+0xa958b8]  -[NSApplication(NSEventRouting) _nextEventMatchingEventMask:untilDate:inMode:dequeue:]+0x50a
C  [eclipse_11904.so+0x6bcb]  +[KeyWindow dispatch]+0x7b
C  [Foundation+0x7c1a9]  __NSThreadPerformPerform+0xb2
C  [CoreFoundation+0x7bca9]  __CFRUNLOOP_IS_CALLING_OUT_TO_A_SOURCE0_PERFORM_FUNCTION__+0x11
C  [CoreFoundation+0x7bc4b]  __CFRunLoopDoSource0+0x9d
C  [CoreFoundation+0x7ba1e]  __CFRunLoopDoSources0+0xcb
C  [CoreFoundation+0x7a65e]  __CFRunLoopRun+0x3c0
C  [CoreFoundation+0x79c6e]  CFRunLoopRunSpecific+0x226
C  [HIToolbox+0xef413]  RunCurrentEventLoopInMode+0x124
C  [HIToolbox+0xf4c2e]  ReceiveNextEventCommon+0xc0
C  [HIToolbox+0xf5029]  _BlockUntilNextEventMatchingListInModeWithFilter+0x42
...<more frames>...

siginfo: si_signo: 4 (SIGILL), si_code: 1 (ILL_ILLOPC), si_addr: 0x00007ff8172a413f

Registers:
RAX=0x00007ff817438982, RBX=0x00007fc399011300, RCX=0x00000000000120a8, RDX=0x0000000000000008
RSP=0x00007ff7afed2838, RBP=0x00007ff7afed28c0, RSI=0x0000000000000000, RDI=0x00007fc3990115d8
R8 =0x000000000000207d, R9 =0x0000000000000008, R10=0x0000000000000000, R11=0x00007fc399011000
R12=0x0000000000000001, R13=0x00007fc3990115c0, R14=0x0000000000000001, R15=0x00007fc3990115b0
RIP=0x00007ff8172a413f, EFLAGS=0x0000000000010246, ERR=0x0000000000000000
  TRAPNO=0x0000000000000006


Top of Stack: (sp=0x00007ff7afed2838)
0x00007ff7afed2838:   00007ff81714abbf 0000000000000000
0x00007ff7afed2848:   0000000000000000 0000000000000002
0x00007ff7afed2858:   00007fc399011310 00007ff7afed2880
0x00007ff7afed2868:   00007ff8170d5ad9 00007ff856e5e468
0x00007ff7afed2878:   0000000000000001 00007ff7afed2890
0x00007ff7afed2888:   00007ff8171109e8 126fec2498110012
0x00007ff7afed2898:   00007fc3993921c0 0000000000000000
0x00007ff7afed28a8:   0000000000000000 0000000000000001
0x00007ff7afed28b8:   00007ff856e5e468 00007ff7afed2910
0x00007ff7afed28c8:   00007ff822952413 0000000000000000
0x00007ff7afed28d8:   0000000000000000 0000000000000000
0x00007ff7afed28e8:   0000000000000000 0000000000000001
0x00007ff7afed28f8:   0000000000000000 0000000000000000
0x00007ff7afed2908:   0000000000000000 00007ff7afed2990
0x00007ff7afed2918:   00007ff822957c2e 0000000000000000
0x00007ff7afed2928:   00007ff7afed2b10 00007ff856e5e468
0x00007ff7afed2938:   0000000000000000 0000000000000000
0x00007ff7afed2948:   00007ff7afed2b68 0000000000000000
0x00007ff7afed2958:   0000000000000000 ffffffffffffffff
0x00007ff7afed2968:   0000000000000000 00007fc39937a140
0x00007ff7afed2978:   ffffffffffffffff 0000000000000000
0x00007ff7afed2988:   00007fc39937a140 00007ff7afed29b0
0x00007ff7afed2998:   00007ff822958029 ffffffff00000000
0x00007ff7afed29a8:   00007fc39937a140 00007ff7afed2db0
0x00007ff7afed29b8:   00007ff81aaadb33 0000000000000000
0x00007ff7afed29c8:   0000000000000000 0000000000000000
0x00007ff7afed29d8:   0000000000000000 0000000000000000
0x00007ff7afed29e8:   0000000000000000 0000000000000000
0x00007ff7afed29f8:   0000000000000000 0000000000000000
0x00007ff7afed2a08:   0000000000000000 0000000000000000
0x00007ff7afed2a18:   00007ff835d56a1c 00007ff835d1df98
0x00007ff7afed2a28:   00007ff835e33fe6 00007ff835cc5991 

Instructions: (pc=0x00007ff8172a413f)
0x00007ff8172a403f:   48 8d 05 fa 2e 19 00 48 89 05 5b f9 d0 42 0f 0b
0x00007ff8172a404f:   48 8d 05 ea 2e 19 00 48 89 05 4b f9 d0 42 0f 0b
0x00007ff8172a405f:   48 8d 05 da 2e 19 00 48 89 05 3b f9 d0 42 0f 0b
0x00007ff8172a406f:   48 8d 05 ca 2e 19 00 48 89 05 2b f9 d0 42 0f 0b
0x00007ff8172a407f:   48 8d 05 ba 2e 19 00 48 89 05 1b f9 d0 42 0f 0b
0x00007ff8172a408f:   48 8d 05 aa 2e 19 00 48 89 05 0b f9 d0 42 0f 0b
0x00007ff8172a409f:   48 8d 05 9a 2e 19 00 48 89 05 fb f8 d0 42 0f 0b
0x00007ff8172a40af:   48 8d 05 8a 2e 19 00 48 89 05 eb f8 d0 42 0f 0b
0x00007ff8172a40bf:   90 90 48 8d 05 0d 46 19 00 48 89 05 d9 f8 d0 42
0x00007ff8172a40cf:   0f 0b 48 8d 05 a5 41 19 00 48 89 05 c9 f8 d0 42
0x00007ff8172a40df:   0f 0b 48 8d 05 db 47 19 00 48 89 05 b9 f8 d0 42
0x00007ff8172a40ef:   0f 0b 48 8d 05 31 48 19 00 48 89 05 a9 f8 d0 42
0x00007ff8172a40ff:   0f 0b 48 8d 05 45 48 19 00 48 89 05 99 f8 d0 42
0x00007ff8172a410f:   0f 0b 48 8d 05 de 47 19 00 48 89 05 89 f8 d0 42
0x00007ff8172a411f:   0f 0b 48 8d 05 ce 47 19 00 48 89 05 79 f8 d0 42
0x00007ff8172a412f:   0f 0b 48 8d 05 4a 48 19 00 48 89 05 69 f8 d0 42
0x00007ff8172a413f:   0f 0b 48 8d 05 af 49 19 00 48 89 05 59 f8 d0 42
0x00007ff8172a414f:   0f 0b 48 8d 05 0d 42 19 00 48 89 05 49 f8 d0 42
0x00007ff8172a415f:   0f 0b 48 8d 05 84 43 19 00 48 89 05 39 f8 d0 42
0x00007ff8172a416f:   0f 0b 48 8d 05 d3 43 19 00 48 89 05 29 f8 d0 42
0x00007ff8172a417f:   0f 0b 55 48 89 e5 48 83 ec 10 48 8b 05 d0 69 97
0x00007ff8172a418f:   3f 48 8b 00 48 89 45 f8 48 89 fe 4c 8d 45 f0 66
0x00007ff8172a419f:   41 83 20 00 48 8d 3d 56 ce e2 ff 48 8d 0d bf 43
0x00007ff8172a41af:   18 00 6a 10 5a 6a 02 41 59 e8 ad 74 00 00 48 8b
0x00007ff8172a41bf:   05 9c 69 97 3f 48 8b 00 48 3b 45 f8 75 06 48 83
0x00007ff8172a41cf:   c4 10 5d c3 e8 c6 73 00 00 55 48 89 e5 89 f8 f7
0x00007ff8172a41df:   d0 a9 0b 40 00 10 74 1c 89 f8 25 0c 40 00 10 3d
0x00007ff8172a41ef:   0c 40 00 10 74 0e e8 d2 78 00 00 48 89 05 a7 f7
0x00007ff8172a41ff:   d0 42 0f 0b 81 e7 00 3e 00 00 8d 87 00 fc ff ff
0x00007ff8172a420f:   0f ac f8 0a 83 f8 07 77 e9 48 8d 0d 2d 00 00 00
0x00007ff8172a421f:   48 63 04 81 48 01 c8 ff e0 48 8d 05 34 48 19 00
0x00007ff8172a422f:   eb c9 48 8d 05 05 48 19 00 eb c0 48 8d 05 e4 47 



---------------  P R O C E S S  ---------------

VM state: not at safepoint (normal execution)

VM Mutex/Monitor currently owned by a thread: None

Heap address: 0x00000007c0000000, size: 1024 MB, Compressed Oops mode: Zero based, Oop shift amount: 3

CDS archive(s) mapped at: [0x00000002ee000000-0x00000002eebac000-0x00000002eebac000), size 12238848, SharedBaseAddress: 0x00000002ee000000, ArchiveRelocationMode: 1.
Compressed class space mapped at: 0x00000002ef000000-0x000000032f000000, reserved size: 1073741824
Narrow klass base: 0x00000002ee000000, Narrow klass shift: 0, Narrow klass range: 0x100000000

GC Precious Log:
<Skipped>

Heap:
 PSYoungGen      total 24064K, used 3902K [0x00000007eab00000, 0x00000007ec600000, 0x0000000800000000)
  eden space 22016K, 10% used [0x00000007eab00000,0x00000007ead4bb60,0x00000007ec080000)
  from space 2048K, 75% used [0x00000007ec380000,0x00000007ec504010,0x00000007ec580000)
  to   space 512K, 0% used [0x00000007ec580000,0x00000007ec580000,0x00000007ec600000)
 ParOldGen       total 68608K, used 20170K [0x00000007c0000000, 0x00000007c4300000, 0x00000007eab00000)
  object space 68608K, 29% used [0x00000007c0000000,0x00000007c13b2a10,0x00000007c4300000)
 Metaspace       used 40437K, committed 41536K, reserved 1114112K
  class space    used 4287K, committed 4736K, reserved 1048576K

Card table byte_map: [0x00000002d7000000,0x00000002d7201000] _byte_map_base: 0x00000002d3200000

Marking Bits: (ParMarkBitMap*) 0x00000002d9133920
 Begin Bits: [0x00000002eb86a000, 0x00000002ec86a000)
 End Bits:   [0x00000002ec86a000, 0x00000002ed86a000)

Polling page: 0x000000010ff4a000

Metaspace:

Usage:
  Non-class:     35.30 MB used.
      Class:      4.19 MB used.
       Both:     39.49 MB used.

Virtual space:
  Non-class space:       64.00 MB reserved,      35.94 MB ( 56%) committed,  1 nodes.
      Class space:        1.00 GB reserved,       4.62 MB ( <1%) committed,  1 nodes.
             Both:        1.06 GB reserved,      40.56 MB (  4%) committed. 

Chunk freelists:
   Non-Class:  11.66 MB
       Class:  11.42 MB
        Both:  23.08 MB

MaxMetaspaceSize: unlimited
CompressedClassSpaceSize: 1.00 GB
Initial GC threshold: 21.00 MB
Current GC threshold: 58.38 MB
CDS: on
 - commit_granule_bytes: 65536.
 - commit_granule_words: 8192.
 - virtual_space_node_default_size: 8388608.
 - enlarge_chunks_in_place: 1.
 - use_allocation_guard: 0.


Internal statistics:

num_allocs_failed_limit: 6.
num_arena_births: 690.
num_arena_deaths: 14.
num_vsnodes_births: 2.
num_vsnodes_deaths: 0.
num_space_committed: 649.
num_space_uncommitted: 0.
num_chunks_returned_to_freelist: 20.
num_chunks_taken_from_freelist: 2437.
num_chunk_merges: 12.
num_chunk_splits: 1548.
num_chunks_enlarged: 919.
num_inconsistent_stats: 0.

CodeHeap 'non-profiled nmethods': size=120032Kb used=1462Kb max_used=1668Kb free=118570Kb
 bounds [0x00000002e4332000, 0x00000002e45a2000, 0x00000002eb86a000]
CodeHeap 'profiled nmethods': size=120028Kb used=9186Kb max_used=9403Kb free=110841Kb
 bounds [0x00000002dc86a000, 0x00000002dd19a000, 0x00000002e3da1000]
CodeHeap 'non-nmethods': size=5700Kb used=1326Kb max_used=1326Kb free=4374Kb
 bounds [0x00000002e3da1000, 0x00000002e4011000, 0x00000002e4332000]
 total_blobs=5449 nmethods=4822 adapters=534
 compilation: enabled
              stopped_count=0, restarted_count=0
 full_count=0

Compilation events (20 events):
Event: 57.401 Thread 0x00007fc39880de00 5506       2       com.google.inject.internal.aop.ClassBuilding::visitMembers (46 bytes)
Event: 57.401 Thread 0x00007fc39880de00 nmethod 5506 0x00000002dc8dc110 code [0x00000002dc8dc2c0, 0x00000002dc8dc4e8]
Event: 57.403 Thread 0x00007fc39880de00 5507       2       java.util.TreeMap$PrivateEntryIterator::<init> (28 bytes)
Event: 57.403 Thread 0x00007fc39880de00 nmethod 5507 0x00000002dc8dbd90 code [0x00000002dc8dbf20, 0x00000002dc8dc070]
Event: 57.405 Thread 0x00007fc39880de00 5508       2       com.google.common.collect.ImmutableSet::of (4 bytes)
Event: 57.406 Thread 0x00007fc39880de00 nmethod 5508 0x00000002dc8db810 code [0x00000002dc8db9a0, 0x00000002dc8dba88]
Event: 57.407 Thread 0x00007fc39880de00 5509       2       com.google.common.cache.LocalCache$Segment::setValue (82 bytes)
Event: 57.407 Thread 0x00007fc39880de00 nmethod 5509 0x00000002dca32490 code [0x00000002dca32680, 0x00000002dca32918]
Event: 57.407 Thread 0x00007fc39880de00 5510       2       com.google.common.cache.LocalCache$Strength$1::referenceValue (28 bytes)
Event: 57.408 Thread 0x00007fc39880de00 nmethod 5510 0x00000002dca31f90 code [0x00000002dca32140, 0x00000002dca32358]
Event: 57.408 Thread 0x00007fc39880de00 5512       2       com.google.common.cache.LocalCache$Segment::recordWrite (72 bytes)
Event: 57.408 Thread 0x00007fc39880de00 nmethod 5512 0x00000002dca31890 code [0x00000002dca31a80, 0x00000002dca31da8]
Event: 57.408 Thread 0x00007fc39880de00 5513       2       com.google.common.cache.LocalCache$LoadingValueReference::notifyNewValue (21 bytes)
Event: 57.409 Thread 0x00007fc39880de00 nmethod 5513 0x00000002dca31410 code [0x00000002dca315c0, 0x00000002dca31750]
Event: 57.409 Thread 0x00007fc39880de00 5514       2       com.google.common.cache.LocalCache$Segment::evictEntries (106 bytes)
Event: 57.410 Thread 0x00007fc39880de00 nmethod 5514 0x00000002dca30810 code [0x00000002dca30a80, 0x00000002dca310d0]
Event: 57.410 Thread 0x00007fc39880de00 5515       2       com.google.common.util.concurrent.AbstractFuture::getDoneValue (57 bytes)
Event: 57.411 Thread 0x00007fc39880de00 nmethod 5515 0x00000002dca2ff90 code [0x00000002dca30180, 0x00000002dca305d8]
Event: 57.411 Thread 0x00007fc39880de00 5511       2       com.google.common.cache.LocalCache$StrongValueReference::<init> (10 bytes)
Event: 57.411 Thread 0x00007fc39880de00 nmethod 5511 0x00000002dca2fc10 code [0x00000002dca2fda0, 0x00000002dca2fec0]

GC Heap History (20 events):
Event: 39.966 GC heap before
{Heap before GC invocations=7 (full 0):
 PSYoungGen      total 29696K, used 18908K [0x00000007eab00000, 0x00000007ece00000, 0x0000000800000000)
  eden space 24576K, 56% used [0x00000007eab00000,0x00000007eb879d98,0x00000007ec300000)
  from space 5120K, 99% used [0x00000007ec900000,0x00000007ecdfd440,0x00000007ece00000)
  to   space 5632K, 0% used [0x00000007ec300000,0x00000007ec300000,0x00000007ec880000)
 ParOldGen       total 68608K, used 8356K [0x00000007c0000000, 0x00000007c4300000, 0x00000007eab00000)
  object space 68608K, 12% used [0x00000007c0000000,0x00000007c08291e8,0x00000007c4300000)
 Metaspace       used 20713K, committed 21504K, reserved 1114112K
  class space    used 2105K, committed 2432K, reserved 1048576K
}
Event: 39.991 GC heap after
{Heap after GC invocations=7 (full 0):
 PSYoungGen      total 29184K, used 4321K [0x00000007eab00000, 0x00000007ecd00000, 0x0000000800000000)
  eden space 24576K, 0% used [0x00000007eab00000,0x00000007eab00000,0x00000007ec300000)
  from space 4608K, 93% used [0x00000007ec300000,0x00000007ec738590,0x00000007ec780000)
  to   space 5120K, 0% used [0x00000007ec800000,0x00000007ec800000,0x00000007ecd00000)
 ParOldGen       total 68608K, used 9854K [0x00000007c0000000, 0x00000007c4300000, 0x00000007eab00000)
  object space 68608K, 14% used [0x00000007c0000000,0x00000007c099fa08,0x00000007c4300000)
 Metaspace       used 20713K, committed 21504K, reserved 1114112K
  class space    used 2105K, committed 2432K, reserved 1048576K
}
Event: 39.991 GC heap before
{Heap before GC invocations=8 (full 1):
 PSYoungGen      total 29184K, used 4321K [0x00000007eab00000, 0x00000007ecd00000, 0x0000000800000000)
  eden space 24576K, 0% used [0x00000007eab00000,0x00000007eab00000,0x00000007ec300000)
  from space 4608K, 93% used [0x00000007ec300000,0x00000007ec738590,0x00000007ec780000)
  to   space 5120K, 0% used [0x00000007ec800000,0x00000007ec800000,0x00000007ecd00000)
 ParOldGen       total 68608K, used 9854K [0x00000007c0000000, 0x00000007c4300000, 0x00000007eab00000)
  object space 68608K, 14% used [0x00000007c0000000,0x00000007c099fa08,0x00000007c4300000)
 Metaspace       used 20713K, committed 21504K, reserved 1114112K
  class space    used 2105K, committed 2432K, reserved 1048576K
}
Event: 40.220 GC heap after
{Heap after GC invocations=8 (full 1):
 PSYoungGen      total 29184K, used 0K [0x00000007eab00000, 0x00000007ecd00000, 0x0000000800000000)
  eden space 24576K, 0% used [0x00000007eab00000,0x00000007eab00000,0x00000007ec300000)
  from space 4608K, 0% used [0x00000007ec300000,0x00000007ec300000,0x00000007ec780000)
  to   space 5120K, 0% used [0x00000007ec800000,0x00000007ec800000,0x00000007ecd00000)
 ParOldGen       total 68608K, used 13079K [0x00000007c0000000, 0x00000007c4300000, 0x00000007eab00000)
  object space 68608K, 19% used [0x00000007c0000000,0x00000007c0cc5ca0,0x00000007c4300000)
 Metaspace       used 20700K, committed 21504K, reserved 1114112K
  class space    used 2102K, committed 2432K, reserved 1048576K
}
Event: 41.682 GC heap before
{Heap before GC invocations=9 (full 1):
 PSYoungGen      total 29184K, used 24576K [0x00000007eab00000, 0x00000007ecd00000, 0x0000000800000000)
  eden space 24576K, 100% used [0x00000007eab00000,0x00000007ec300000,0x00000007ec300000)
  from space 4608K, 0% used [0x00000007ec300000,0x00000007ec300000,0x00000007ec780000)
  to   space 5120K, 0% used [0x00000007ec800000,0x00000007ec800000,0x00000007ecd00000)
 ParOldGen       total 68608K, used 13079K [0x00000007c0000000, 0x00000007c4300000, 0x00000007eab00000)
  object space 68608K, 19% used [0x00000007c0000000,0x00000007c0cc5ca0,0x00000007c4300000)
 Metaspace       used 23100K, committed 23936K, reserved 1114112K
  class space    used 2321K, committed 2688K, reserved 1048576K
}
Event: 41.696 GC heap after
{Heap after GC invocations=9 (full 1):
 PSYoungGen      total 24576K, used 366K [0x00000007eab00000, 0x00000007ec880000, 0x0000000800000000)
  eden space 24064K, 0% used [0x00000007eab00000,0x00000007eab00000,0x00000007ec280000)
  from space 512K, 71% used [0x00000007ec800000,0x00000007ec85b9c0,0x00000007ec880000)
  to   space 2048K, 0% used [0x00000007ec480000,0x00000007ec480000,0x00000007ec680000)
 ParOldGen       total 68608K, used 13079K [0x00000007c0000000, 0x00000007c4300000, 0x00000007eab00000)
  object space 68608K, 19% used [0x00000007c0000000,0x00000007c0cc5ca0,0x00000007c4300000)
 Metaspace       used 23100K, committed 23936K, reserved 1114112K
  class space    used 2321K, committed 2688K, reserved 1048576K
}
Event: 43.389 GC heap before
{Heap before GC invocations=10 (full 1):
 PSYoungGen      total 24576K, used 24430K [0x00000007eab00000, 0x00000007ec880000, 0x0000000800000000)
  eden space 24064K, 100% used [0x00000007eab00000,0x00000007ec280000,0x00000007ec280000)
  from space 512K, 71% used [0x00000007ec800000,0x00000007ec85b9c0,0x00000007ec880000)
  to   space 2048K, 0% used [0x00000007ec480000,0x00000007ec480000,0x00000007ec680000)
 ParOldGen       total 68608K, used 13079K [0x00000007c0000000, 0x00000007c4300000, 0x00000007eab00000)
  object space 68608K, 19% used [0x00000007c0000000,0x00000007c0cc5ca0,0x00000007c4300000)
 Metaspace       used 26422K, committed 27200K, reserved 1114112K
  class space    used 2645K, committed 2944K, reserved 1048576K
}
Event: 43.404 GC heap after
{Heap after GC invocations=10 (full 1):
 PSYoungGen      total 25600K, used 1013K [0x00000007eab00000, 0x00000007ec880000, 0x0000000800000000)
  eden space 23552K, 0% used [0x00000007eab00000,0x00000007eab00000,0x00000007ec200000)
  from space 2048K, 49% used [0x00000007ec480000,0x00000007ec57d4c8,0x00000007ec680000)
  to   space 1536K, 0% used [0x00000007ec700000,0x00000007ec700000,0x00000007ec880000)
 ParOldGen       total 68608K, used 13079K [0x00000007c0000000, 0x00000007c4300000, 0x00000007eab00000)
  object space 68608K, 19% used [0x00000007c0000000,0x00000007c0cc5ca0,0x00000007c4300000)
 Metaspace       used 26422K, committed 27200K, reserved 1114112K
  class space    used 2645K, committed 2944K, reserved 1048576K
}
Event: 44.796 GC heap before
{Heap before GC invocations=11 (full 1):
 PSYoungGen      total 25600K, used 24565K [0x00000007eab00000, 0x00000007ec880000, 0x0000000800000000)
  eden space 23552K, 100% used [0x00000007eab00000,0x00000007ec200000,0x00000007ec200000)
  from space 2048K, 49% used [0x00000007ec480000,0x00000007ec57d4c8,0x00000007ec680000)
  to   space 1536K, 0% used [0x00000007ec700000,0x00000007ec700000,0x00000007ec880000)
 ParOldGen       total 68608K, used 13079K [0x00000007c0000000, 0x00000007c4300000, 0x00000007eab00000)
  object space 68608K, 19% used [0x00000007c0000000,0x00000007c0cc5ca0,0x00000007c4300000)
 Metaspace       used 28033K, committed 28800K, reserved 1114112K
  class space    used 2779K, committed 3072K, reserved 1048576K
}
Event: 44.810 GC heap after
{Heap after GC invocations=11 (full 1):
 PSYoungGen      total 24064K, used 984K [0x00000007eab00000, 0x00000007ec800000, 0x0000000800000000)
  eden space 23040K, 0% used [0x00000007eab00000,0x00000007eab00000,0x00000007ec180000)
  from space 1024K, 96% used [0x00000007ec700000,0x00000007ec7f6170,0x00000007ec800000)
  to   space 1024K, 0% used [0x00000007ec600000,0x00000007ec600000,0x00000007ec700000)
 ParOldGen       total 68608K, used 14777K [0x00000007c0000000, 0x00000007c4300000, 0x00000007eab00000)
  object space 68608K, 21% used [0x00000007c0000000,0x00000007c0e6e6c0,0x00000007c4300000)
 Metaspace       used 28033K, committed 28800K, reserved 1114112K
  class space    used 2779K, committed 3072K, reserved 1048576K
}
Event: 46.635 GC heap before
{Heap before GC invocations=12 (full 1):
 PSYoungGen      total 24064K, used 24018K [0x00000007eab00000, 0x00000007ec800000, 0x0000000800000000)
  eden space 23040K, 99% used [0x00000007eab00000,0x00000007ec17e830,0x00000007ec180000)
  from space 1024K, 96% used [0x00000007ec700000,0x00000007ec7f6170,0x00000007ec800000)
  to   space 1024K, 0% used [0x00000007ec600000,0x00000007ec600000,0x00000007ec700000)
 ParOldGen       total 68608K, used 14777K [0x00000007c0000000, 0x00000007c4300000, 0x00000007eab00000)
  object space 68608K, 21% used [0x00000007c0000000,0x00000007c0e6e6c0,0x00000007c4300000)
 Metaspace       used 29320K, committed 30208K, reserved 1114112K
  class space    used 2916K, committed 3264K, reserved 1048576K
}
Event: 46.649 GC heap after
{Heap after GC invocations=12 (full 1):
 PSYoungGen      total 23552K, used 996K [0x00000007eab00000, 0x00000007ec780000, 0x0000000800000000)
  eden space 22528K, 0% used [0x00000007eab00000,0x00000007eab00000,0x00000007ec100000)
  from space 1024K, 97% used [0x00000007ec600000,0x00000007ec6f9118,0x00000007ec700000)
  to   space 512K, 0% used [0x00000007ec700000,0x00000007ec700000,0x00000007ec780000)
 ParOldGen       total 68608K, used 16053K [0x00000007c0000000, 0x00000007c4300000, 0x00000007eab00000)
  object space 68608K, 23% used [0x00000007c0000000,0x00000007c0fad590,0x00000007c4300000)
 Metaspace       used 29320K, committed 30208K, reserved 1114112K
  class space    used 2916K, committed 3264K, reserved 1048576K
}
Event: 50.339 GC heap before
{Heap before GC invocations=13 (full 1):
 PSYoungGen      total 23552K, used 23524K [0x00000007eab00000, 0x00000007ec780000, 0x0000000800000000)
  eden space 22528K, 100% used [0x00000007eab00000,0x00000007ec100000,0x00000007ec100000)
  from space 1024K, 97% used [0x00000007ec600000,0x00000007ec6f9118,0x00000007ec700000)
  to   space 512K, 0% used [0x00000007ec700000,0x00000007ec700000,0x00000007ec780000)
 ParOldGen       total 68608K, used 16053K [0x00000007c0000000, 0x00000007c4300000, 0x00000007eab00000)
  object space 68608K, 23% used [0x00000007c0000000,0x00000007c0fad590,0x00000007c4300000)
 Metaspace       used 32674K, committed 33600K, reserved 1114112K
  class space    used 3282K, committed 3648K, reserved 1048576K
}
Event: 50.359 GC heap after
{Heap after GC invocations=13 (full 1):
 PSYoungGen      total 22528K, used 480K [0x00000007eab00000, 0x00000007ec780000, 0x0000000800000000)
  eden space 22016K, 0% used [0x00000007eab00000,0x00000007eab00000,0x00000007ec080000)
  from space 512K, 93% used [0x00000007ec700000,0x00000007ec778108,0x00000007ec780000)
  to   space 2048K, 0% used [0x00000007ec380000,0x00000007ec380000,0x00000007ec580000)
 ParOldGen       total 68608K, used 17461K [0x00000007c0000000, 0x00000007c4300000, 0x00000007eab00000)
  object space 68608K, 25% used [0x00000007c0000000,0x00000007c110d448,0x00000007c4300000)
 Metaspace       used 32674K, committed 33600K, reserved 1114112K
  class space    used 3282K, committed 3648K, reserved 1048576K
}
Event: 51.841 GC heap before
{Heap before GC invocations=14 (full 1):
 PSYoungGen      total 22528K, used 19513K [0x00000007eab00000, 0x00000007ec780000, 0x0000000800000000)
  eden space 22016K, 86% used [0x00000007eab00000,0x00000007ebd964a8,0x00000007ec080000)
  from space 512K, 93% used [0x00000007ec700000,0x00000007ec778108,0x00000007ec780000)
  to   space 2048K, 0% used [0x00000007ec380000,0x00000007ec380000,0x00000007ec580000)
 ParOldGen       total 68608K, used 17461K [0x00000007c0000000, 0x00000007c4300000, 0x00000007eab00000)
  object space 68608K, 25% used [0x00000007c0000000,0x00000007c110d448,0x00000007c4300000)
 Metaspace       used 34875K, committed 35840K, reserved 1114112K
  class space    used 3573K, committed 3968K, reserved 1048576K
}
Event: 51.858 GC heap after
{Heap after GC invocations=14 (full 1):
 PSYoungGen      total 24064K, used 1579K [0x00000007eab00000, 0x00000007ec780000, 0x0000000800000000)
  eden space 22016K, 0% used [0x00000007eab00000,0x00000007eab00000,0x00000007ec080000)
  from space 2048K, 77% used [0x00000007ec380000,0x00000007ec50ac68,0x00000007ec580000)
  to   space 2048K, 0% used [0x00000007ec580000,0x00000007ec580000,0x00000007ec780000)
 ParOldGen       total 68608K, used 17917K [0x00000007c0000000, 0x00000007c4300000, 0x00000007eab00000)
  object space 68608K, 26% used [0x00000007c0000000,0x00000007c117f698,0x00000007c4300000)
 Metaspace       used 34875K, committed 35840K, reserved 1114112K
  class space    used 3573K, committed 3968K, reserved 1048576K
}
Event: 51.858 GC heap before
{Heap before GC invocations=15 (full 2):
 PSYoungGen      total 24064K, used 1579K [0x00000007eab00000, 0x00000007ec780000, 0x0000000800000000)
  eden space 22016K, 0% used [0x00000007eab00000,0x00000007eab00000,0x00000007ec080000)
  from space 2048K, 77% used [0x00000007ec380000,0x00000007ec50ac68,0x00000007ec580000)
  to   space 2048K, 0% used [0x00000007ec580000,0x00000007ec580000,0x00000007ec780000)
 ParOldGen       total 68608K, used 17917K [0x00000007c0000000, 0x00000007c4300000, 0x00000007eab00000)
  object space 68608K, 26% used [0x00000007c0000000,0x00000007c117f698,0x00000007c4300000)
 Metaspace       used 34875K, committed 35840K, reserved 1114112K
  class space    used 3573K, committed 3968K, reserved 1048576K
}
Event: 52.007 GC heap after
{Heap after GC invocations=15 (full 2):
 PSYoungGen      total 24064K, used 0K [0x00000007eab00000, 0x00000007ec780000, 0x0000000800000000)
  eden space 22016K, 0% used [0x00000007eab00000,0x00000007eab00000,0x00000007ec080000)
  from space 2048K, 0% used [0x00000007ec380000,0x00000007ec380000,0x00000007ec580000)
  to   space 2048K, 0% used [0x00000007ec580000,0x00000007ec580000,0x00000007ec780000)
 ParOldGen       total 68608K, used 18557K [0x00000007c0000000, 0x00000007c4300000, 0x00000007eab00000)
  object space 68608K, 27% used [0x00000007c0000000,0x00000007c121f530,0x00000007c4300000)
 Metaspace       used 34875K, committed 35840K, reserved 1114112K
  class space    used 3573K, committed 3968K, reserved 1048576K
}
Event: 53.618 GC heap before
{Heap before GC invocations=16 (full 2):
 PSYoungGen      total 24064K, used 22016K [0x00000007eab00000, 0x00000007ec780000, 0x0000000800000000)
  eden space 22016K, 100% used [0x00000007eab00000,0x00000007ec080000,0x00000007ec080000)
  from space 2048K, 0% used [0x00000007ec380000,0x00000007ec380000,0x00000007ec580000)
  to   space 2048K, 0% used [0x00000007ec580000,0x00000007ec580000,0x00000007ec780000)
 ParOldGen       total 68608K, used 18557K [0x00000007c0000000, 0x00000007c4300000, 0x00000007eab00000)
  object space 68608K, 27% used [0x00000007c0000000,0x00000007c121f530,0x00000007c4300000)
 Metaspace       used 37591K, committed 38656K, reserved 1114112K
  class space    used 3912K, committed 4352K, reserved 1048576K
}
Event: 53.633 GC heap after
{Heap after GC invocations=16 (full 2):
 PSYoungGen      total 24064K, used 1747K [0x00000007eab00000, 0x00000007ec780000, 0x0000000800000000)
  eden space 22016K, 0% used [0x00000007eab00000,0x00000007eab00000,0x00000007ec080000)
  from space 2048K, 85% used [0x00000007ec580000,0x00000007ec734f38,0x00000007ec780000)
  to   space 2048K, 0% used [0x00000007ec380000,0x00000007ec380000,0x00000007ec580000)
 ParOldGen       total 68608K, used 18565K [0x00000007c0000000, 0x00000007c4300000, 0x00000007eab00000)
  object space 68608K, 27% used [0x00000007c0000000,0x00000007c1221530,0x00000007c4300000)
 Metaspace       used 37591K, committed 38656K, reserved 1114112K
  class space    used 3912K, committed 4352K, reserved 1048576K
}

Dll operation events (9 events):
Event: 0.039 Loaded shared library /Users/nicholassalmon/.vscode/extensions/redhat.java-1.39.0-darwin-x64/jre/21.0.5-macosx-x86_64/lib/libjava.dylib
Event: 0.924 Loaded shared library /Users/nicholassalmon/.vscode/extensions/redhat.java-1.39.0-darwin-x64/jre/21.0.5-macosx-x86_64/lib/libzip.dylib
Event: 1.196 Loaded shared library /Users/nicholassalmon/.vscode/extensions/redhat.java-1.39.0-darwin-x64/jre/21.0.5-macosx-x86_64/lib/libinstrument.dylib
Event: 1.306 Loaded shared library /Users/nicholassalmon/.vscode/extensions/redhat.java-1.39.0-darwin-x64/jre/21.0.5-macosx-x86_64/lib/libnio.dylib
Event: 1.314 Loaded shared library /Users/nicholassalmon/.vscode/extensions/redhat.java-1.39.0-darwin-x64/jre/21.0.5-macosx-x86_64/lib/libzip.dylib
Event: 1.603 Loaded shared library /Users/nicholassalmon/.vscode/extensions/redhat.java-1.39.0-darwin-x64/jre/21.0.5-macosx-x86_64/lib/libjimage.dylib
Event: 2.524 Loaded shared library /Users/nicholassalmon/.vscode/extensions/redhat.java-1.39.0-darwin-x64/jre/21.0.5-macosx-x86_64/lib/libverify.dylib
Event: 10.446 Loaded shared library /Users/nicholassalmon/.vscode/extensions/redhat.java-1.39.0-darwin-x64/jre/21.0.5-macosx-x86_64/lib/libnet.dylib
Event: 17.484 Loaded shared library /Users/nicholassalmon/Library/Application Support/Code/User/globalStorage/redhat.java/1.39.0/config_mac/org.eclipse.equinox.launcher/org.eclipse.equinox.launcher.cocoa.macosx.x86_64_1.2.1100.v20240722-2106/eclipse_11904.so

Deoptimization events (20 events):
Event: 54.232 Thread 0x00007fc39881d400 DEOPT PACKING pc=0x00000002e445dc74 sp=0x00007000050cb930
Event: 54.232 Thread 0x00007fc39881d400 DEOPT UNPACKING pc=0x00000002e3df4399 sp=0x00007000050cb8e0 mode 2
Event: 54.508 Thread 0x00007fc39881d400 Uncommon trap: trap_request=0xffffff45 fr.pc=0x00000002e43dbcd4 relative=0x0000000000000134
Event: 54.508 Thread 0x00007fc39881d400 Uncommon trap: reason=unstable_if action=reinterpret pc=0x00000002e43dbcd4 method=jdk.internal.org.objectweb.asm.SymbolTable.put(Ljdk/internal/org/objectweb/asm/SymbolTable$Entry;)Ljdk/internal/org/objectweb/asm/SymbolTable$Entry; @ 13 c2
Event: 54.508 Thread 0x00007fc39881d400 DEOPT PACKING pc=0x00000002e43dbcd4 sp=0x00007000050cb540
Event: 54.508 Thread 0x00007fc39881d400 DEOPT UNPACKING pc=0x00000002e3df4399 sp=0x00007000050cb4c0 mode 2
Event: 54.534 Thread 0x00007fc39881d400 Uncommon trap: trap_request=0xffffff45 fr.pc=0x00000002e4366240 relative=0x00000000000000a0
Event: 54.534 Thread 0x00007fc39881d400 Uncommon trap: reason=unstable_if action=reinterpret pc=0x00000002e4366240 method=java.lang.CharacterDataLatin1.digit(II)I @ 7 c2
Event: 54.534 Thread 0x00007fc39881d400 DEOPT PACKING pc=0x00000002e4366240 sp=0x00007000050cba80
Event: 54.534 Thread 0x00007fc39881d400 DEOPT UNPACKING pc=0x00000002e3df4399 sp=0x00007000050cba20 mode 2
Event: 54.817 Thread 0x00007fc39a7ff800 DEOPT PACKING pc=0x00000002dcbe5106 sp=0x0000700007436560
Event: 54.817 Thread 0x00007fc39a7ff800 DEOPT UNPACKING pc=0x00000002e3df4b2f sp=0x0000700007435a90 mode 0
Event: 55.138 Thread 0x00007fc398b38400 DEOPT PACKING pc=0x00000002dc8709c5 sp=0x0000700006f295f0
Event: 55.138 Thread 0x00007fc398b38400 DEOPT UNPACKING pc=0x00000002e3df4b2f sp=0x0000700006f28af0 mode 0
Event: 55.428 Thread 0x00007fc398b38400 DEOPT PACKING pc=0x00000002dccadfca sp=0x0000700006f296b0
Event: 55.428 Thread 0x00007fc398b38400 DEOPT UNPACKING pc=0x00000002e3df4b2f sp=0x0000700006f28bf0 mode 0
Event: 55.972 Thread 0x00007fc399a81a00 DEOPT PACKING pc=0x00000002dc99c3a5 sp=0x0000700006c1ed90
Event: 55.972 Thread 0x00007fc399a81a00 DEOPT UNPACKING pc=0x00000002e3df4b2f sp=0x0000700006c1e2b0 mode 0
Event: 56.860 Thread 0x00007fc399a81a00 DEOPT PACKING pc=0x00000002dc9237b6 sp=0x0000700006c1eb30
Event: 56.860 Thread 0x00007fc399a81a00 DEOPT UNPACKING pc=0x00000002e3df4b2f sp=0x0000700006c1e050 mode 0

Classes loaded (20 events):
Event: 54.534 Loading class java/text/CalendarBuilder
Event: 54.534 Loading class java/text/CalendarBuilder done
Event: 54.539 Loading class java/io/PrintWriter
Event: 54.540 Loading class java/io/PrintWriter done
Event: 54.540 Loading class java/io/PrintWriter$1
Event: 54.540 Loading class jdk/internal/access/JavaIOPrintWriterAccess
Event: 54.540 Loading class jdk/internal/access/JavaIOPrintWriterAccess done
Event: 54.540 Loading class java/io/PrintWriter$1 done
Event: 54.542 Loading class java/time/format/DateTimeParseContext
Event: 54.542 Loading class java/time/format/DateTimeParseContext done
Event: 54.542 Loading class java/time/format/Parsed
Event: 54.543 Loading class java/time/format/Parsed done
Event: 54.545 Loading class java/time/Month
Event: 54.549 Loading class java/time/Month done
Event: 54.549 Loading class java/time/Year
Event: 54.549 Loading class java/time/Year done
Event: 54.579 Loading class jdk/internal/reflect/MethodHandleIntegerFieldAccessorImpl
Event: 54.580 Loading class jdk/internal/reflect/MethodHandleIntegerFieldAccessorImpl done
Event: 55.222 Loading class jdk/internal/reflect/MethodHandleBooleanFieldAccessorImpl
Event: 55.222 Loading class jdk/internal/reflect/MethodHandleBooleanFieldAccessorImpl done

Classes unloaded (7 events):
Event: 40.008 Thread 0x00007fc39910bae0 Unloading class 0x00000002ef1a1400 'java/lang/invoke/LambdaForm$MH+0x00000002ef1a1400'
Event: 40.008 Thread 0x00007fc39910bae0 Unloading class 0x00000002ef1a1000 'java/lang/invoke/LambdaForm$MH+0x00000002ef1a1000'
Event: 40.008 Thread 0x00007fc39910bae0 Unloading class 0x00000002ef1a0c00 'java/lang/invoke/LambdaForm$MH+0x00000002ef1a0c00'
Event: 40.008 Thread 0x00007fc39910bae0 Unloading class 0x00000002ef1a0800 'java/lang/invoke/LambdaForm$MH+0x00000002ef1a0800'
Event: 40.008 Thread 0x00007fc39910bae0 Unloading class 0x00000002ef1a0400 'java/lang/invoke/LambdaForm$BMH+0x00000002ef1a0400'
Event: 40.008 Thread 0x00007fc39910bae0 Unloading class 0x00000002ef1a0000 'java/lang/invoke/LambdaForm$DMH+0x00000002ef1a0000'
Event: 40.008 Thread 0x00007fc39910bae0 Unloading class 0x00000002ef19ec00 'java/lang/invoke/LambdaForm$DMH+0x00000002ef19ec00'

Classes redefined (0 events):
No events

Internal exceptions (20 events):
Event: 44.819 Thread 0x00007fc398abee00 Exception <a 'java/io/FileNotFoundException'{0x00000007eae631b8}> (0x00000007eae631b8) 
thrown [src/hotspot/share/prims/jni.cpp, line 520]
Event: 49.514 Thread 0x00007fc398abee00 Exception <a 'java/lang/ClassNotFoundException'{0x00000007ebba7e90}: com/sun/org/apache/xml/internal/serializer/spi/XMLEntitiesProvider> (0x00000007ebba7e90) 
thrown [src/hotspot/share/classfile/systemDictionary.cpp, line 312]
Event: 51.132 Thread 0x00007fc398abee00 Exception <a 'java/io/FileNotFoundException'{0x00000007eb12f980}> (0x00000007eb12f980) 
thrown [src/hotspot/share/prims/jni.cpp, line 520]
Event: 51.368 Thread 0x00007fc398abee00 Exception <a 'java/io/FileNotFoundException'{0x00000007eb211650}> (0x00000007eb211650) 
thrown [src/hotspot/share/prims/jni.cpp, line 520]
Event: 51.501 Thread 0x00007fc398abee00 Exception <a 'java/io/FileNotFoundException'{0x00000007eb4bc900}> (0x00000007eb4bc900) 
thrown [src/hotspot/share/prims/jni.cpp, line 520]
Event: 51.576 Thread 0x00007fc39a022c00 Exception <a 'java/lang/NoSuchMethodError'{0x00000007eb994398}: 'void java.lang.invoke.DirectMethodHandle$Holder.invokeStaticInit(java.lang.Object, java.lang.Object, java.lang.Object, java.lang.Object)'> (0x00000007eb994398) 
thrown [src/hotspot/share/interpreter/linkResolver.cpp, line 773]
Event: 52.336 Thread 0x00007fc39881d400 Exception <a 'java/lang/NoSuchMethodError'{0x00000007eb3f3dd8}: 'java.lang.Object java.lang.invoke.DirectMethodHandle$Holder.invokeStatic(java.lang.Object, long, java.lang.Object)'> (0x00000007eb3f3dd8) 
thrown [src/hotspot/share/interpreter/linkResolver.cpp, line 773]
Event: 52.336 Thread 0x00007fc39881d400 Exception <a 'java/lang/NoSuchMethodError'{0x00000007eb3f78e8}: 'java.lang.Object java.lang.invoke.DirectMethodHandle$Holder.invokeStaticInit(java.lang.Object, long, java.lang.Object)'> (0x00000007eb3f78e8) 
thrown [src/hotspot/share/interpreter/linkResolver.cpp, line 773]
Event: 52.337 Thread 0x00007fc39881d400 Exception <a 'java/lang/NoSuchMethodError'{0x00000007eb42ccd0}: 'java.lang.Object java.lang.invoke.DirectMethodHandle$Holder.newInvokeSpecial(java.lang.Object, long)'> (0x00000007eb42ccd0) 
thrown [src/hotspot/share/interpreter/linkResolver.cpp, line 773]
Event: 53.649 Thread 0x00007fc399a81a00 Exception <a 'java/lang/NoSuchMethodError'{0x00000007eab8b190}: 'void java.lang.invoke.DirectMethodHandle$Holder.invokeStaticInit(java.lang.Object, java.lang.Object, java.lang.Object)'> (0x00000007eab8b190) 
thrown [src/hotspot/share/interpreter/linkResolver.cpp, line 773]
Event: 53.672 Thread 0x00007fc399a81a00 Exception <a 'java/lang/ExceptionInInitializerError'{0x00000007eabfcd18}> (0x00000007eabfcd18) 
thrown [src/hotspot/share/oops/instanceKlass.cpp, line 1220]
Event: 53.983 Thread 0x00007fc399a81a00 Implicit null exception at 0x00000002e445227e to 0x00000002e44524f8
Event: 53.983 Thread 0x00007fc399a81a00 Implicit null exception at 0x00000002e43c46f7 to 0x00000002e43c5540
Event: 53.987 Thread 0x00007fc399a81a00 Exception <a 'java/lang/NoSuchMethodError'{0x00000007eaf64fb8}: 'java.lang.Object java.lang.invoke.Invokers$Holder.invokeExact_MT(java.lang.Object, int, java.lang.Object)'> (0x00000007eaf64fb8) 
thrown [src/hotspot/share/interpreter/linkResolver.cpp, line 773]
Event: 54.231 Thread 0x00007fc39881d400 Exception <a 'java/lang/NoSuchMethodError'{0x00000007eb0e4320}: 'void java.lang.invoke.DirectMethodHandle$Holder.invokeSpecial(java.lang.Object, java.lang.Object, java.lang.Object, java.lang.Object, java.lang.Object, java.lang.Object)'> (0x00000007eb0e4320) 
thrown [src/hotspot/share/interpreter/linkResolver.cpp, line 773]
Event: 54.232 Thread 0x00007fc39881d400 Exception <a 'java/lang/IncompatibleClassChangeError'{0x00000007eb0ec4a0}: Found class java.lang.Object, but interface was expected> (0x00000007eb0ec4a0) 
thrown [src/hotspot/share/interpreter/linkResolver.cpp, line 840]
Event: 54.233 Thread 0x00007fc39881d400 Exception <a 'java/lang/IncompatibleClassChangeError'{0x00000007eb0ee478}: Found class java.lang.Object, but interface was expected> (0x00000007eb0ee478) 
thrown [src/hotspot/share/interpreter/linkResolver.cpp, line 840]
Event: 54.580 Thread 0x00007fc39a7ff800 Exception <a 'java/lang/NoSuchMethodError'{0x00000007eb66fb38}: 'void java.lang.invoke.DelegatingMethodHandle$Holder.reinvoke_L(java.lang.Object, java.lang.Object, int)'> (0x00000007eb66fb38) 
thrown [src/hotspot/share/interpreter/linkResolver.cpp, line 773]
Event: 54.581 Thread 0x00007fc39a7ff800 Exception <a 'java/lang/NoSuchMethodError'{0x00000007eb685a00}: 'int java.lang.invoke.Invokers$Holder.invokeExact_MT(java.lang.Object, java.lang.Object, java.lang.Object)'> (0x00000007eb685a00) 
thrown [src/hotspot/share/interpreter/linkResolver.cpp, line 773]
Event: 55.223 Thread 0x00007fc39a7ff800 Exception <a 'java/lang/NoSuchMethodError'{0x00000007eba10038}: 'void java.lang.invoke.Invokers$Holder.invokeExact_MT(java.lang.Object, java.lang.Object, int, java.lang.Object)'> (0x00000007eba10038) 
thrown [src/hotspot/share/interpreter/linkResolver.cpp, line 773]

ZGC Phase Switch (0 events):
No events

VM Operations (20 events):
Event: 50.419 Executing VM operation: HandshakeAllThreads (Deoptimize)
Event: 50.470 Executing VM operation: HandshakeAllThreads (Deoptimize) done
Event: 50.763 Executing VM operation: HandshakeAllThreads (Deoptimize)
Event: 50.972 Executing VM operation: HandshakeAllThreads (Deoptimize) done
Event: 51.811 Executing VM operation: CollectForMetadataAllocation (Metadata GC Threshold)
Event: 52.007 Executing VM operation: CollectForMetadataAllocation (Metadata GC Threshold) done
Event: 53.011 Executing VM operation: Cleanup
Event: 53.057 Executing VM operation: Cleanup done
Event: 53.155 Executing VM operation: HandshakeAllThreads (Deoptimize)
Event: 53.210 Executing VM operation: HandshakeAllThreads (Deoptimize) done
Event: 53.618 Executing VM operation: ParallelGCFailedAllocation (Allocation Failure)
Event: 53.633 Executing VM operation: ParallelGCFailedAllocation (Allocation Failure) done
Event: 54.305 Executing VM operation: HandshakeAllThreads (Deoptimize)
Event: 54.341 Executing VM operation: HandshakeAllThreads (Deoptimize) done
Event: 54.500 Executing VM operation: HandshakeAllThreads (Deoptimize)
Event: 54.501 Executing VM operation: HandshakeAllThreads (Deoptimize) done
Event: 55.501 Executing VM operation: Cleanup
Event: 55.502 Executing VM operation: Cleanup done
Event: 56.502 Executing VM operation: Cleanup
Event: 56.502 Executing VM operation: Cleanup done

Memory protections (20 events):
Event: 25.814 Protecting memory [0x000070000691b000,0x000070000691f000] with protection modes 3
Event: 25.926 Protecting memory [0x000070000691b000,0x000070000691f000] with protection modes 0
Event: 26.708 Protecting memory [0x000070000691b000,0x000070000691f000] with protection modes 3
Event: 29.300 Protecting memory [0x000070000691b000,0x000070000691f000] with protection modes 0
Event: 32.000 Protecting memory [0x0000700006a1e000,0x0000700006a22000] with protection modes 0
Event: 32.257 Protecting memory [0x0000700006b21000,0x0000700006b25000] with protection modes 0
Event: 35.744 Protecting memory [0x0000700006c24000,0x0000700006c28000] with protection modes 0
Event: 39.082 Protecting memory [0x0000700006c24000,0x0000700006c28000] with protection modes 3
Event: 39.619 Protecting memory [0x0000700006c24000,0x0000700006c28000] with protection modes 0
Event: 39.773 Protecting memory [0x0000700006d27000,0x0000700006d2b000] with protection modes 0
Event: 40.243 Protecting memory [0x0000700006e2a000,0x0000700006e2e000] with protection modes 0
Event: 41.833 Protecting memory [0x0000700006c24000,0x0000700006c28000] with protection modes 3
Event: 42.282 Protecting memory [0x0000700006c24000,0x0000700006c28000] with protection modes 0
Event: 43.773 Protecting memory [0x0000700006818000,0x000070000681c000] with protection modes 3
Event: 46.666 Protecting memory [0x0000700006818000,0x000070000681c000] with protection modes 0
Event: 51.549 Protecting memory [0x0000700006f2d000,0x0000700006f31000] with protection modes 0
Event: 52.134 Protecting memory [0x0000700007030000,0x0000700007034000] with protection modes 0
Event: 52.454 Protecting memory [0x0000700007133000,0x0000700007137000] with protection modes 0
Event: 54.530 Protecting memory [0x0000700007236000,0x000070000723a000] with protection modes 0
Event: 54.530 Protecting memory [0x0000700007339000,0x000070000733d000] with protection modes 0

Nmethod flushes (20 events):
Event: 51.893 Thread 0x00007fc39910bae0 flushing  nmethod 0x00000002dcddb910
Event: 51.893 Thread 0x00007fc39910bae0 flushing  nmethod 0x00000002dce83390
Event: 51.893 Thread 0x00007fc39910bae0 flushing  nmethod 0x00000002dce83790
Event: 51.893 Thread 0x00007fc39910bae0 flushing  nmethod 0x00000002dce84090
Event: 51.893 Thread 0x00007fc39910bae0 flushing  nmethod 0x00000002dce85a90
Event: 51.893 Thread 0x00007fc39910bae0 flushing  nmethod 0x00000002dce86210
Event: 51.893 Thread 0x00007fc39910bae0 flushing  nmethod 0x00000002dce88490
Event: 51.893 Thread 0x00007fc39910bae0 flushing  nmethod 0x00000002dce88990
Event: 51.893 Thread 0x00007fc39910bae0 flushing  nmethod 0x00000002dce88d90
Event: 51.893 Thread 0x00007fc39910bae0 flushing  nmethod 0x00000002dce89210
Event: 51.893 Thread 0x00007fc39910bae0 flushing  nmethod 0x00000002dce89690
Event: 51.893 Thread 0x00007fc39910bae0 flushing  nmethod 0x00000002dce8b210
Event: 51.893 Thread 0x00007fc39910bae0 flushing  nmethod 0x00000002dce99790
Event: 51.893 Thread 0x00007fc39910bae0 flushing  nmethod 0x00000002dcebe610
Event: 51.893 Thread 0x00007fc39910bae0 flushing  nmethod 0x00000002dcebef90
Event: 51.893 Thread 0x00007fc39910bae0 flushing  nmethod 0x00000002dcf09e90
Event: 51.893 Thread 0x00007fc39910bae0 flushing  nmethod 0x00000002dcf0a290
Event: 51.893 Thread 0x00007fc39910bae0 flushing  nmethod 0x00000002dcf75610
Event: 51.893 Thread 0x00007fc39910bae0 flushing  nmethod 0x00000002dcf99f90
Event: 51.893 Thread 0x00007fc39910bae0 flushing  nmethod 0x00000002dcfc8310

Events (20 events):
Event: 25.814 Thread 0x00007fc3989aa400 Thread exited: 0x00007fc3989aa400
Event: 25.926 Thread 0x00007fc39880de00 Thread added: 0x00007fc3988c5e00
Event: 26.708 Thread 0x00007fc3988c5e00 Thread exited: 0x00007fc3988c5e00
Event: 29.300 Thread 0x00007fc398abee00 Thread added: 0x00007fc399a02800
Event: 32.000 Thread 0x00007fc398abee00 Thread added: 0x00007fc399a46200
Event: 32.257 Thread 0x00007fc398abee00 Thread added: 0x00007fc399a81a00
Event: 35.744 Thread 0x00007fc39880de00 Thread added: 0x00007fc39a9e2c00
Event: 39.082 Thread 0x00007fc39a9e2c00 Thread exited: 0x00007fc39a9e2c00
Event: 39.619 Thread 0x00007fc39880de00 Thread added: 0x00007fc3998d5e00
Event: 39.773 Thread 0x00007fc399a46200 Thread added: 0x00007fc39a022c00
Event: 40.243 Thread 0x00007fc39a022c00 Thread added: 0x00007fc398b38400
Event: 41.833 Thread 0x00007fc3998d5e00 Thread exited: 0x00007fc3998d5e00
Event: 42.282 Thread 0x00007fc39880de00 Thread added: 0x00007fc39abc6000
Event: 43.773 Thread 0x00007fc39aa0ba00 Thread exited: 0x00007fc39aa0ba00
Event: 46.666 Thread 0x00007fc398abee00 Thread added: 0x00007fc399914200
Event: 51.549 Thread 0x00007fc39a022c00 Thread added: 0x00007fc3988a9200
Event: 52.134 Thread 0x00007fc3988a9200 Thread added: 0x00007fc39a9e2c00
Event: 52.454 Thread 0x00007fc39881d400 Thread added: 0x00007fc399936a00
Event: 54.530 Thread 0x00007fc39881d400 Thread added: 0x00007fc3989aa400
Event: 54.530 Thread 0x00007fc39881d400 Thread added: 0x00007fc39a7ff800


Dynamic libraries:
0x000000010ff03000 	/Users/nicholassalmon/.vscode/extensions/redhat.java-1.39.0-darwin-x64/jre/21.0.5-macosx-x86_64/lib/libjli.dylib
0x00007ff833985000 	/System/Library/Frameworks/Cocoa.framework/Versions/A/Cocoa
0x00007ff819f58000 	/System/Library/Frameworks/Security.framework/Versions/A/Security
0x00007ff830fb0000 	/System/Library/Frameworks/ApplicationServices.framework/Versions/A/ApplicationServices
0x00007ff8251c4000 	/usr/lib/libSystem.B.dylib
0x00007ff8170d1000 	/System/Library/Frameworks/CoreFoundation.framework/Versions/A/CoreFoundation
0x00007ff818128000 	/System/Library/Frameworks/Foundation.framework/Versions/C/Foundation
0x00007ff816c8e000 	/usr/lib/libobjc.A.dylib
0x00007ff81aa6d000 	/System/Library/Frameworks/AppKit.framework/Versions/C/AppKit
0x00007ff81df99000 	/System/Library/Frameworks/CoreData.framework/Versions/A/CoreData
0x00007ff81bf68000 	/System/Library/PrivateFrameworks/UIFoundation.framework/Versions/A/UIFoundation
0x00007ffb2c1f2000 	/System/Library/PrivateFrameworks/CollectionViewCore.framework/Versions/A/CollectionViewCore
0x00007ff82c7e1000 	/System/Library/PrivateFrameworks/RemoteViewServices.framework/Versions/A/RemoteViewServices
0x00007ff822b53000 	/System/Library/PrivateFrameworks/XCTTargetBootstrap.framework/Versions/A/XCTTargetBootstrap
0x00007ff827cae000 	/System/Library/PrivateFrameworks/InternationalSupport.framework/Versions/A/InternationalSupport
0x00007ff827d05000 	/System/Library/PrivateFrameworks/UserActivity.framework/Versions/A/UserActivity
0x00007ffd1841c000 	/System/Library/PrivateFrameworks/UIIntelligenceSupport.framework/Versions/A/UIIntelligenceSupport
0x00007ffb23390000 	/System/Library/Frameworks/SwiftUICore.framework/Versions/A/SwiftUICore
0x00007ffd1cee1000 	/System/Library/PrivateFrameworks/WritingTools.framework/Versions/A/WritingTools
0x00007ffd1c044000 	/System/Library/PrivateFrameworks/WindowManagement.framework/Versions/A/WindowManagement
0x00007ff817db6000 	/System/Library/Frameworks/SystemConfiguration.framework/Versions/A/SystemConfiguration
0x00007ff826fde000 	/usr/lib/libspindump.dylib
0x00007ff81c143000 	/System/Library/Frameworks/UniformTypeIdentifiers.framework/Versions/A/UniformTypeIdentifiers
0x00007ff8244d9000 	/usr/lib/libbsm.0.dylib
0x00007ff82079a000 	/usr/lib/libapp_launch_measurement.dylib
0x00007ff81f905000 	/System/Library/PrivateFrameworks/CoreAnalytics.framework/Versions/A/CoreAnalytics
0x00007ff82079d000 	/System/Library/PrivateFrameworks/CoreAutoLayout.framework/Versions/A/CoreAutoLayout
0x00007ff8221f1000 	/System/Library/Frameworks/Metal.framework/Versions/A/Metal
0x00007ff823408000 	/usr/lib/liblangid.dylib
0x00007ff822b58000 	/System/Library/PrivateFrameworks/CoreSVG.framework/Versions/A/CoreSVG
0x00007ff81cb66000 	/System/Library/PrivateFrameworks/SkyLight.framework/Versions/A/SkyLight
0x00007ff81d035000 	/System/Library/Frameworks/CoreGraphics.framework/Versions/A/CoreGraphics
0x00007ff82cec7000 	/System/Library/Frameworks/Accelerate.framework/Versions/A/Accelerate
0x00007ff826e14000 	/System/Library/PrivateFrameworks/IconServices.framework/Versions/A/IconServices
0x00007ff8221d1000 	/System/Library/Frameworks/IOSurface.framework/Versions/A/IOSurface
0x00007ff81f934000 	/usr/lib/libDiagnosticMessagesClient.dylib
0x00007ff8250d6000 	/usr/lib/libz.1.dylib
0x00007ff822b40000 	/System/Library/PrivateFrameworks/DFRFoundation.framework/Versions/A/DFRFoundation
0x00007ff81a327000 	/usr/lib/libicucore.A.dylib
0x00007ff828d60000 	/System/Library/Frameworks/AudioToolbox.framework/Versions/A/AudioToolbox
0x00007ff827cbe000 	/System/Library/PrivateFrameworks/DataDetectorsCore.framework/Versions/A/DataDetectorsCore
0x00007ff9249f1000 	/System/Library/PrivateFrameworks/TextInput.framework/Versions/A/TextInput
0x00007ff81cabb000 	/usr/lib/libMobileGestalt.dylib
0x00007ff822863000 	/System/Library/Frameworks/Carbon.framework/Versions/A/Frameworks/HIToolbox.framework/Versions/A/HIToolbox
0x00007ff8200be000 	/System/Library/Frameworks/QuartzCore.framework/Versions/A/QuartzCore
0x00007ff82c818000 	/System/Library/Frameworks/Carbon.framework/Versions/A/Frameworks/SpeechRecognition.framework/Versions/A/SpeechRecognition
0x00007ff8204ae000 	/System/Library/PrivateFrameworks/CoreUI.framework/Versions/A/CoreUI
0x00007ff81980d000 	/System/Library/Frameworks/CoreAudio.framework/Versions/A/CoreAudio
0x00007ff81fa19000 	/System/Library/Frameworks/DiskArbitration.framework/Versions/A/DiskArbitration
0x00007ff827430000 	/System/Library/PrivateFrameworks/MultitouchSupport.framework/Versions/A/MultitouchSupport
0x00007ff81caba000 	/usr/lib/libenergytrace.dylib
0x00007ff91946f000 	/System/Library/PrivateFrameworks/RenderBox.framework/Versions/A/RenderBox
0x00007ff81a93c000 	/System/Library/Frameworks/IOKit.framework/Versions/A/IOKit
0x00007ff82cc1c000 	/System/Library/Frameworks/CoreServices.framework/Versions/A/CoreServices
0x00007ff820731000 	/System/Library/PrivateFrameworks/PerformanceAnalysis.framework/Versions/A/PerformanceAnalysis
0x00007ffb1a25a000 	/System/Library/Frameworks/OpenGL.framework/Versions/A/OpenGL
0x00007ff8207e5000 	/usr/lib/libxml2.2.dylib
0x00007ff8243cc000 	/System/Library/PrivateFrameworks/MobileKeyBag.framework/Versions/A/MobileKeyBag
0x00007ff816f8f000 	/usr/lib/libc++.1.dylib
0x00007ff82cb96000 	/System/Library/Frameworks/Accessibility.framework/Versions/A/Accessibility
0x00007ff81d910000 	/System/Library/Frameworks/ColorSync.framework/Versions/A/ColorSync
0x00007ff822f22000 	/System/Library/Frameworks/CoreImage.framework/Versions/A/CoreImage
0x00007ff8195e9000 	/System/Library/Frameworks/CoreText.framework/Versions/A/CoreText
0x00007ffb1e1fd000 	/System/Library/Frameworks/CoreTransferable.framework/Versions/A/CoreTransferable
0x00007ffb1e6b0000 	/System/Library/Frameworks/DeveloperToolsSupport.framework/Versions/A/DeveloperToolsSupport
0x00007ff822b90000 	/System/Library/Frameworks/ImageIO.framework/Versions/A/ImageIO
0x00007ffb23ef7000 	/System/Library/Frameworks/Symbols.framework/Versions/A/Symbols
0x00007ff8251c9000 	/System/Library/PrivateFrameworks/SoftLinking.framework/Versions/A/SoftLinking
0x00007ff936a48000 	/usr/lib/swift/libswiftAccelerate.dylib
0x00007ff828791000 	/usr/lib/swift/libswiftCore.dylib
0x00007ff920fe1000 	/usr/lib/swift/libswiftCoreFoundation.dylib
0x00007ff921031000 	/usr/lib/swift/libswiftCoreImage.dylib
0x00007ff91e994000 	/usr/lib/swift/libswiftDarwin.dylib
0x00007ff82e997000 	/usr/lib/swift/libswiftDispatch.dylib
0x00007ff921032000 	/usr/lib/swift/libswiftIOKit.dylib
0x00007ff92dae9000 	/usr/lib/swift/libswiftMetal.dylib
0x00007ffa1be94000 	/usr/lib/swift/libswiftOSLog.dylib
0x00007ff831445000 	/usr/lib/swift/libswiftObjectiveC.dylib
0x00007ffd244d0000 	/usr/lib/swift/libswiftObservation.dylib
0x00007ff9324df000 	/usr/lib/swift/libswiftQuartzCore.dylib
0x00007ff936a39000 	/usr/lib/swift/libswiftUniformTypeIdentifiers.dylib
0x00007ff920ff2000 	/usr/lib/swift/libswiftXPC.dylib
0x00007ffd245df000 	/usr/lib/swift/libswift_Builtin_float.dylib
0x00007ffd245e2000 	/usr/lib/swift/libswift_Concurrency.dylib
0x00007ffd24728000 	/usr/lib/swift/libswift_StringProcessing.dylib
0x00007ffd247c3000 	/usr/lib/swift/libswift_errno.dylib
0x00007ffd247c5000 	/usr/lib/swift/libswift_math.dylib
0x00007ffd247c8000 	/usr/lib/swift/libswift_signal.dylib
0x00007ffd247c9000 	/usr/lib/swift/libswift_stdio.dylib
0x00007ffd247ca000 	/usr/lib/swift/libswift_time.dylib
0x00007ff831449000 	/usr/lib/swift/libswiftos.dylib
0x00007ff924947000 	/usr/lib/swift/libswiftsimd.dylib
0x00007ffd247cb000 	/usr/lib/swift/libswiftsys_time.dylib
0x00007ffd247cc000 	/usr/lib/swift/libswiftunistd.dylib
0x00007ff82535e000 	/usr/lib/libcompression.dylib
0x00007ff827bea000 	/System/Library/PrivateFrameworks/TextureIO.framework/Versions/A/TextureIO
0x00007ff826a9b000 	/usr/lib/libate.dylib
0x00007ff8251be000 	/usr/lib/system/libcache.dylib
0x00007ff825176000 	/usr/lib/system/libcommonCrypto.dylib
0x00007ff8251a0000 	/usr/lib/system/libcompiler_rt.dylib
0x00007ff825194000 	/usr/lib/system/libcopyfile.dylib
0x00007ff816dc3000 	/usr/lib/system/libcorecrypto.dylib
0x00007ff816ebb000 	/usr/lib/system/libdispatch.dylib
0x00007ff81706c000 	/usr/lib/system/libdyld.dylib
0x00007ff8251b4000 	/usr/lib/system/libkeymgr.dylib
0x00007ff825159000 	/usr/lib/system/libmacho.dylib
0x00007ff8244b4000 	/usr/lib/system/libquarantine.dylib
0x00007ff8251b1000 	/usr/lib/system/libremovefile.dylib
0x00007ff81cb2f000 	/usr/lib/system/libsystem_asl.dylib
0x00007ff816d5d000 	/usr/lib/system/libsystem_blocks.dylib
0x00007ff816f06000 	/usr/lib/system/libsystem_c.dylib
0x00007ff8251a8000 	/usr/lib/system/libsystem_collections.dylib
0x00007ff8233f7000 	/usr/lib/system/libsystem_configuration.dylib
0x00007ff8221a4000 	/usr/lib/system/libsystem_containermanager.dylib
0x00007ff824d32000 	/usr/lib/system/libsystem_coreservices.dylib
0x00007ff81a5c6000 	/usr/lib/system/libsystem_darwin.dylib
0x00007ffd24931000 	/usr/lib/system/libsystem_darwindirectory.dylib
0x00007ff8251b5000 	/usr/lib/system/libsystem_dnssd.dylib
0x00007ffd24935000 	/usr/lib/system/libsystem_eligibility.dylib
0x00007ff816f03000 	/usr/lib/system/libsystem_featureflags.dylib
0x00007ff8170a3000 	/usr/lib/system/libsystem_info.dylib
0x00007ff8250ea000 	/usr/lib/system/libsystem_m.dylib
0x00007ff816e77000 	/usr/lib/system/libsystem_malloc.dylib
0x00007ff81caa0000 	/usr/lib/system/libsystem_networkextension.dylib
0x00007ff81aa02000 	/usr/lib/system/libsystem_notify.dylib
0x00007ff8233fb000 	/usr/lib/system/libsystem_sandbox.dylib
0x00007ffd2493c000 	/usr/lib/system/libsystem_sanitizers.dylib
0x00007ff8251ad000 	/usr/lib/system/libsystem_secinit.dylib
0x00007ff817060000 	/usr/lib/system/libsystem_pthread.dylib
0x00007ff81e869000 	/usr/lib/system/libsystem_symptoms.dylib
0x00007ff816da8000 	/usr/lib/system/libsystem_trace.dylib
0x00007ff825183000 	/usr/lib/system/libunwind.dylib
0x00007ff816d61000 	/usr/lib/system/libxpc.dylib
0x00007ff817099000 	/usr/lib/system/libsystem_platform.dylib
0x00007ff817024000 	/usr/lib/system/libsystem_kernel.dylib
0x00007ff81700c000 	/usr/lib/libc++abi.dylib
0x00007ff82518c000 	/usr/lib/liboah.dylib
0x00007ff81a8bb000 	/System/Library/PrivateFrameworks/CoreServicesInternal.framework/Versions/A/CoreServicesInternal
0x00007ff8251c6000 	/usr/lib/libfakelink.dylib
0x00007ff830a92000 	/System/Library/PrivateFrameworks/DiskImages.framework/Versions/A/DiskImages
0x00007ff91e4d5000 	/System/Library/Frameworks/NetFS.framework/Versions/A/NetFS
0x00007ff81c6fc000 	/System/Library/Frameworks/CFNetwork.framework/Versions/A/CFNetwork
0x00007ff820764000 	/System/Library/Frameworks/CoreServices.framework/Versions/A/Frameworks/FSEvents.framework/Versions/A/FSEvents
0x00007ff81a5d1000 	/System/Library/Frameworks/CoreServices.framework/Versions/A/Frameworks/CarbonCore.framework/Versions/A/CarbonCore
0x00007ff81f992000 	/System/Library/Frameworks/CoreServices.framework/Versions/A/Frameworks/Metadata.framework/Versions/A/Metadata
0x00007ff824d39000 	/System/Library/Frameworks/CoreServices.framework/Versions/A/Frameworks/OSServices.framework/Versions/A/OSServices
0x00007ff8252a2000 	/System/Library/Frameworks/CoreServices.framework/Versions/A/Frameworks/SearchKit.framework/Versions/A/SearchKit
0x00007ff81e7e9000 	/System/Library/Frameworks/CoreServices.framework/Versions/A/Frameworks/AE.framework/Versions/A/AE
0x00007ff81756f000 	/System/Library/Frameworks/CoreServices.framework/Versions/A/Frameworks/LaunchServices.framework/Versions/A/LaunchServices
0x00007ff8267fc000 	/System/Library/Frameworks/CoreServices.framework/Versions/A/Frameworks/DictionaryServices.framework/Versions/A/DictionaryServices
0x00007ff820772000 	/System/Library/Frameworks/CoreServices.framework/Versions/A/Frameworks/SharedFileList.framework/Versions/A/SharedFileList
0x00007ff825327000 	/usr/lib/libapple_nghttp2.dylib
0x00007ff81e447000 	/usr/lib/libsqlite3.dylib
0x00007ff8293ab000 	/System/Library/Frameworks/GSS.framework/Versions/A/GSS
0x00007ff81e785000 	/System/Library/PrivateFrameworks/RunningBoardServices.framework/Versions/A/RunningBoardServices
0x00007ff81e871000 	/System/Library/Frameworks/Network.framework/Versions/A/Network
0x00007ff82515d000 	/usr/lib/system/libkxld.dylib
0x00007ffd23807000 	/usr/lib/libCoreEntitlements.dylib
0x00007ffc23f65000 	/System/Library/PrivateFrameworks/MessageSecurity.framework/Versions/A/MessageSecurity
0x00007ff81e42e000 	/System/Library/PrivateFrameworks/ProtocolBuffer.framework/Versions/A/ProtocolBuffer
0x00007ff824d18000 	/System/Library/PrivateFrameworks/AppleFSCompression.framework/Versions/A/AppleFSCompression
0x00007ff8244c1000 	/usr/lib/libcoretls.dylib
0x00007ff826869000 	/usr/lib/libcoretls_cfhelpers.dylib
0x00007ff825358000 	/usr/lib/libpam.2.dylib
0x00007ff8268e3000 	/usr/lib/libxar.1.dylib
0x00007ff825219000 	/usr/lib/libarchive.2.dylib
0x00007ff82aacc000 	/System/Library/Frameworks/Combine.framework/Versions/A/Combine
0x00007ffb2c219000 	/System/Library/PrivateFrameworks/CollectionsInternal.framework/Versions/A/CollectionsInternal
0x00007ffc2b205000 	/System/Library/PrivateFrameworks/ReflectionInternal.framework/Versions/A/ReflectionInternal
0x00007ffc2bd75000 	/System/Library/PrivateFrameworks/RuntimeInternal.framework/Versions/A/RuntimeInternal
0x00007ffd24567000 	/usr/lib/swift/libswiftSystem.dylib
0x00007ff823403000 	/System/Library/PrivateFrameworks/AppleSystemInfo.framework/Versions/A/AppleSystemInfo
0x000000010ff59000 	/System/Library/PrivateFrameworks/CoreWiFi.framework/Versions/A/CoreWiFi
0x00007ff920ede000 	/System/Library/PrivateFrameworks/LoggingSupport.framework/Versions/A/LoggingSupport
0x00007ff820956000 	/System/Library/PrivateFrameworks/UserManagement.framework/Versions/A/UserManagement
0x00007ff81c629000 	/usr/lib/libboringssl.dylib
0x00007ff81e859000 	/usr/lib/libdns_services.dylib
0x00007ff920130000 	/usr/lib/libquic.dylib
0x00007ff828719000 	/usr/lib/libusrtcp.dylib
0x00007ffa237b6000 	/System/Library/PrivateFrameworks/InternalSwiftProtobuf.framework/Versions/A/InternalSwiftProtobuf
0x00007ffd244a0000 	/usr/lib/swift/libswiftDistributed.dylib
0x00007ff81c6fb000 	/usr/lib/libnetwork.dylib
0x00007ff825305000 	/System/Library/PrivateFrameworks/AppleSauce.framework/Versions/A/AppleSauce
0x000000011019f000 	/System/Library/PrivateFrameworks/CoreWiFi.framework/Versions/A/CoreWiFiOld.dylib
0x000000010feef000 	/System/Library/PrivateFrameworks/IO80211.framework/Versions/A/IO80211
0x00007ff82ec0a000 	/System/Library/PrivateFrameworks/FrontBoardServices.framework/Versions/A/FrontBoardServices
0x000000010ff2b000 	/System/Library/PrivateFrameworks/WiFiPeerToPeer.framework/Versions/A/WiFiPeerToPeer
0x00007ff8243f3000 	/System/Library/Frameworks/SecurityFoundation.framework/Versions/A/SecurityFoundation
0x00000001795b8000 	/System/Library/PrivateFrameworks/IO80211.framework/Versions/A/IO80211Old.dylib
0x00007ff81e6a2000 	/System/Library/PrivateFrameworks/BaseBoard.framework/Versions/A/BaseBoard
0x00007ff82ecdb000 	/System/Library/PrivateFrameworks/BoardServices.framework/Versions/A/BoardServices
0x00007ff8243e6000 	/System/Library/PrivateFrameworks/AssertionServices.framework/Versions/A/AssertionServices
0x00007ff8308cb000 	/System/Library/PrivateFrameworks/BackBoardServices.framework/Versions/A/BackBoardServices
0x00007ff8225e2000 	/System/Library/PrivateFrameworks/FontServices.framework/libFontParser.dylib
0x00007ff81cb46000 	/System/Library/PrivateFrameworks/TCC.framework/Versions/A/TCC
0x00007ff834339000 	/System/Library/PrivateFrameworks/IOSurfaceAccelerator.framework/Versions/A/IOSurfaceAccelerator
0x00007ff82742e000 	/System/Library/PrivateFrameworks/WatchdogClient.framework/Versions/A/WatchdogClient
0x00007ff81910b000 	/System/Library/Frameworks/CoreDisplay.framework/Versions/A/CoreDisplay
0x00007ff8241d6000 	/System/Library/PrivateFrameworks/IOMobileFramebuffer.framework/Versions/A/IOMobileFramebuffer
0x00007ff822491000 	/System/Library/Frameworks/CoreMedia.framework/Versions/A/CoreMedia
0x00007ff8221e8000 	/System/Library/PrivateFrameworks/IOAccelerator.framework/Versions/A/IOAccelerator
0x00007ff8208c5000 	/System/Library/Frameworks/CoreVideo.framework/Versions/A/CoreVideo
0x00007ff825356000 	/System/Library/Frameworks/MetalPerformanceShaders.framework/Versions/A/MetalPerformanceShaders
0x00007ffc2a7f2000 	/System/Library/PrivateFrameworks/ProDisplayLibrary.framework/Versions/A/ProDisplayLibrary
0x00007ff827474000 	/System/Library/Frameworks/VideoToolbox.framework/Versions/A/VideoToolbox
0x00007ff823402000 	/System/Library/PrivateFrameworks/AggregateDictionary.framework/Versions/A/AggregateDictionary
0x00007ff82686b000 	/System/Library/PrivateFrameworks/APFS.framework/Versions/A/APFS
0x00007ffb28ea0000 	/System/Library/PrivateFrameworks/AppleKeyStore.framework/Versions/A/AppleKeyStore
0x00007ff8268f1000 	/usr/lib/libutil.dylib
0x00007ff82684a000 	/usr/lib/liblzma.5.dylib
0x00007ff81fa21000 	/System/Library/Frameworks/Accelerate.framework/Versions/A/Frameworks/vImage.framework/Versions/A/vImage
0x00007ff82cbf3000 	/System/Library/Frameworks/Accelerate.framework/Versions/A/Frameworks/vecLib.framework/Versions/A/vecLib
0x00007ff826926000 	/System/Library/Frameworks/Accelerate.framework/Versions/A/Frameworks/vecLib.framework/Versions/A/libvMisc.dylib
0x00007ff8179e2000 	/System/Library/Frameworks/Accelerate.framework/Versions/A/Frameworks/vecLib.framework/Versions/A/libBLAS.dylib
0x00007ff828f95000 	/System/Library/Frameworks/ApplicationServices.framework/Versions/A/Frameworks/ATS.framework/Versions/A/ATS
0x00007ff81dac6000 	/System/Library/Frameworks/ApplicationServices.framework/Versions/A/Frameworks/HIServices.framework/Versions/A/HIServices
0x00007ff827b76000 	/System/Library/Frameworks/ApplicationServices.framework/Versions/A/Frameworks/PrintCore.framework/Versions/A/PrintCore
0x00007ff829374000 	/System/Library/Frameworks/ApplicationServices.framework/Versions/A/Frameworks/QD.framework/Versions/A/QD
0x00007ff82936d000 	/System/Library/Frameworks/ApplicationServices.framework/Versions/A/Frameworks/ColorSyncLegacy.framework/Versions/A/ColorSyncLegacy
0x00007ff828f6b000 	/System/Library/Frameworks/ApplicationServices.framework/Versions/A/Frameworks/SpeechSynthesis.framework/Versions/A/SpeechSynthesis
0x00007ff8241a4000 	/System/Library/PrivateFrameworks/CoreEmoji.framework/Versions/A/CoreEmoji
0x00007ffb329d5000 	/System/Library/PrivateFrameworks/FontServices.framework/Versions/A/FontServices
0x00007ff826f82000 	/System/Library/PrivateFrameworks/OTSVG.framework/Versions/A/OTSVG
0x00007ff820462000 	/System/Library/Frameworks/ApplicationServices.framework/Versions/A/Frameworks/ATS.framework/Versions/A/Resources/libFontRegistry.dylib
0x00007ff826fd2000 	/System/Library/PrivateFrameworks/FontServices.framework/libhvf.dylib
0x00007ffc26fcf000 	/System/Library/PrivateFrameworks/ParsingInternal.framework/Versions/A/ParsingInternal
0x00007ffd244eb000 	/usr/lib/swift/libswiftRegexBuilder.dylib
0x00007ffd24680000 	/usr/lib/swift/libswift_RegexParser.dylib
0x00007ff8272f2000 	/System/Library/PrivateFrameworks/AppleJPEG.framework/Versions/A/AppleJPEG
0x00007ff826da4000 	/usr/lib/libexpat.1.dylib
0x00007ff827a3f000 	/System/Library/Frameworks/ImageIO.framework/Versions/A/Resources/libPng.dylib
0x00007ff827a6c000 	/System/Library/Frameworks/ImageIO.framework/Versions/A/Resources/libTIFF.dylib
0x00007ff827b61000 	/System/Library/Frameworks/ImageIO.framework/Versions/A/Resources/libGIF.dylib
0x00007ff82733e000 	/System/Library/Frameworks/ImageIO.framework/Versions/A/Resources/libJP2.dylib
0x00007ff827b01000 	/System/Library/Frameworks/ImageIO.framework/Versions/A/Resources/libJPEG.dylib
0x00007ff827af8000 	/System/Library/Frameworks/ImageIO.framework/Versions/A/Resources/libRadiance.dylib
0x00007ffc1afbc000 	/System/Library/PrivateFrameworks/GPUCompiler.framework/Versions/32023/Libraries/libllvm-flatbuffers.dylib
0x00007ffb32a9b000 	/System/Library/PrivateFrameworks/FramePacing.framework/Versions/A/FramePacing
0x00007ffb1a24e000 	/System/Library/Frameworks/OpenGL.framework/Versions/A/Libraries/libCoreFSCache.dylib
0x00007ffb336b0000 	/System/Library/PrivateFrameworks/GPUCompiler.framework/Versions/32023/Libraries/libGPUCompilerUtils.dylib
0x00007ffb329d6000 	/System/Library/PrivateFrameworks/FontServices.framework/libXTFontStaticRegistryData.dylib
0x00007ffa1f54b000 	/System/Library/PrivateFrameworks/Symbolication.framework/Versions/A/Symbolication
0x00007ffc29b7c000 	/System/Library/PrivateFrameworks/PhotosensitivityProcessing.framework/Versions/A/PhotosensitivityProcessing
0x00007ffb1b838000 	/System/Library/Frameworks/OpenCL.framework/Versions/A/OpenCL
0x00007ff826f73000 	/System/Library/PrivateFrameworks/GraphVisualizer.framework/Versions/A/GraphVisualizer
0x00007ffb1a2ab000 	/System/Library/Frameworks/OpenGL.framework/Versions/A/Libraries/libGLU.dylib
0x00007ffb1a26d000 	/System/Library/Frameworks/OpenGL.framework/Versions/A/Libraries/libGFXShared.dylib
0x00007ffb1a467000 	/System/Library/Frameworks/OpenGL.framework/Versions/A/Libraries/libGL.dylib
0x00007ffb1a276000 	/System/Library/Frameworks/OpenGL.framework/Versions/A/Libraries/libGLImage.dylib
0x00007ffb1a26a000 	/System/Library/Frameworks/OpenGL.framework/Versions/A/Libraries/libCVMSPluginSupport.dylib
0x00007ffd23936000 	/usr/lib/libRosetta.dylib
0x00007ffb1a255000 	/System/Library/Frameworks/OpenGL.framework/Versions/A/Libraries/libCoreVMClient.dylib
0x00007ff82333c000 	/System/Library/Frameworks/MetalPerformanceShaders.framework/Versions/A/Frameworks/MPSCore.framework/Versions/A/MPSCore
0x00007ff824c72000 	/System/Library/Frameworks/MetalPerformanceShaders.framework/Versions/A/Frameworks/MPSImage.framework/Versions/A/MPSImage
0x00007ff82455e000 	/System/Library/Frameworks/MetalPerformanceShaders.framework/Versions/A/Frameworks/MPSNeuralNetwork.framework/Versions/A/MPSNeuralNetwork
0x00007ff824ab7000 	/System/Library/Frameworks/MetalPerformanceShaders.framework/Versions/A/Frameworks/MPSMatrix.framework/Versions/A/MPSMatrix
0x00007ff82486e000 	/System/Library/Frameworks/MetalPerformanceShaders.framework/Versions/A/Frameworks/MPSRayIntersector.framework/Versions/A/MPSRayIntersector
0x00007ff824af6000 	/System/Library/Frameworks/MetalPerformanceShaders.framework/Versions/A/Frameworks/MPSNDArray.framework/Versions/A/MPSNDArray
0x00007ffb20636000 	/System/Library/Frameworks/MetalPerformanceShaders.framework/Versions/A/Frameworks/MPSFunctions.framework/Versions/A/MPSFunctions
0x00007ffb20619000 	/System/Library/Frameworks/MetalPerformanceShaders.framework/Versions/A/Frameworks/MPSBenchmarkLoop.framework/Versions/A/MPSBenchmarkLoop
0x00007ff81785b000 	/System/Library/PrivateFrameworks/MetalTools.framework/Versions/A/MetalTools
0x00007ff925e53000 	/System/Library/PrivateFrameworks/IOAccelMemoryInfo.framework/Versions/A/IOAccelMemoryInfo
0x00007ff9328e5000 	/System/Library/PrivateFrameworks/kperf.framework/Versions/A/kperf
0x00007ff920fc0000 	/System/Library/PrivateFrameworks/GPURawCounter.framework/Versions/A/GPURawCounter
0x00007ff82f134000 	/System/Library/PrivateFrameworks/CoreSymbolication.framework/Versions/A/CoreSymbolication
0x00007ff920f60000 	/System/Library/PrivateFrameworks/MallocStackLogging.framework/Versions/A/MallocStackLogging
0x00007ff826b3b000 	/System/Library/PrivateFrameworks/CrashReporterSupport.framework/Versions/A/CrashReporterSupport
0x00007ff82f0f5000 	/System/Library/PrivateFrameworks/DebugSymbols.framework/Versions/A/DebugSymbols
0x00007ff931b60000 	/System/Library/PrivateFrameworks/OSAnalytics.framework/Versions/A/OSAnalytics
0x00007ff827b32000 	/System/Library/Frameworks/ApplicationServices.framework/Versions/A/Frameworks/ATSUI.framework/Versions/A/ATSUI
0x00007ff8292ff000 	/usr/lib/libcups.2.dylib
0x00007ff82939c000 	/System/Library/Frameworks/Kerberos.framework/Versions/A/Kerberos
0x00007ff82900e000 	/usr/lib/libresolv.9.dylib
0x00007ff825200000 	/usr/lib/libiconv.2.dylib
0x00007ff826fe5000 	/System/Library/PrivateFrameworks/Heimdal.framework/Versions/A/Heimdal
0x00007ff8313a1000 	/System/Library/Frameworks/Kerberos.framework/Versions/A/Libraries/libHeimdalProxy.dylib
0x00007ff826dbf000 	/usr/lib/libheimdal-asn1.dylib
0x00007ff82073c000 	/System/Library/Frameworks/OpenDirectory.framework/Versions/A/OpenDirectory
0x00007ff8293f9000 	/System/Library/PrivateFrameworks/CommonAuth.framework/Versions/A/CommonAuth
0x00007ff820748000 	/System/Library/Frameworks/OpenDirectory.framework/Versions/A/Frameworks/CFOpenDirectory.framework/Versions/A/CFOpenDirectory
0x00007ff825158000 	/usr/lib/libcharset.1.dylib
0x00007ffb1d2dc000 	/System/Library/Frameworks/AVFAudio.framework/Versions/A/AVFAudio
0x00007ff91b313000 	/System/Library/PrivateFrameworks/AXCoreUtilities.framework/Versions/A/AXCoreUtilities
0x00007ffc21040000 	/System/Library/PrivateFrameworks/IsolatedCoreAudioClient.framework/Versions/A/IsolatedCoreAudioClient
0x00007ff828f53000 	/usr/lib/libAudioStatistics.dylib
0x00007ff82246d000 	/System/Library/PrivateFrameworks/caulk.framework/Versions/A/caulk
0x00007ff819236000 	/System/Library/PrivateFrameworks/AudioToolboxCore.framework/Versions/A/AudioToolboxCore
0x00007ff833793000 	/System/Library/Frameworks/CoreMIDI.framework/Versions/A/CoreMIDI
0x00007ff828efa000 	/System/Library/PrivateFrameworks/AudioSession.framework/Versions/A/AudioSession
0x00007ff82a858000 	/System/Library/Frameworks/IOBluetooth.framework/Versions/A/IOBluetooth
0x00007ff826ea9000 	/System/Library/PrivateFrameworks/MediaExperience.framework/Versions/A/MediaExperience
0x00007ffc36799000 	/System/Library/PrivateFrameworks/Tightbeam.framework/Versions/A/Tightbeam
0x00007ffa170c1000 	/System/Library/PrivateFrameworks/AFKUser.framework/Versions/A/AFKUser
0x00007ff826fc7000 	/System/Library/PrivateFrameworks/AppServerSupport.framework/Versions/A/AppServerSupport
0x00007ff82937f000 	/System/Library/PrivateFrameworks/perfdata.framework/Versions/A/perfdata
0x00007ff92021a000 	/System/Library/PrivateFrameworks/SystemPolicy.framework/Versions/A/SystemPolicy
0x00007ff82921f000 	/usr/lib/libSMC.dylib
0x00007ff827a0a000 	/usr/lib/libAudioToolboxUtility.dylib
0x00007ff82938d000 	/usr/lib/libperfcheck.dylib
0x00007ffb2949d000 	/System/Library/PrivateFrameworks/AudioAnalytics.framework/Versions/A/AudioAnalytics
0x00007ffa2a299000 	/System/Library/PrivateFrameworks/FeatureFlags.framework/Versions/A/FeatureFlags
0x00007ffa23591000 	/System/Library/Frameworks/OSLog.framework/Versions/A/OSLog
0x00007ff824d23000 	/usr/lib/libbz2.1.0.dylib
0x00007ff920f8f000 	/usr/lib/libmis.dylib
0x00007ff828d20000 	/System/Library/PrivateFrameworks/AudioSession.framework/libSessionUtility.dylib
0x00007ff827b67000 	/System/Library/PrivateFrameworks/CMCaptureCore.framework/Versions/A/CMCaptureCore
0x00007ffb1e7d1000 	/System/Library/Frameworks/ExtensionFoundation.framework/Versions/A/ExtensionFoundation
0x00007ff82f244000 	/System/Library/PrivateFrameworks/CoreTime.framework/Versions/A/CoreTime
0x00007ff826c95000 	/System/Library/PrivateFrameworks/PlugInKit.framework/Versions/A/PlugInKit
0x00007ff82db5b000 	/System/Library/PrivateFrameworks/PowerLog.framework/Versions/A/PowerLog
0x00007ff82da6b000 	/System/Library/Frameworks/CoreBluetooth.framework/Versions/A/CoreBluetooth
0x00007ff8313a2000 	/System/Library/Frameworks/AudioUnit.framework/Versions/A/AudioUnit
0x00007ff824261000 	/System/Library/PrivateFrameworks/CoreUtils.framework/Versions/A/CoreUtils
0x00007ffb2fd2a000 	/System/Library/PrivateFrameworks/CoreUtilsExtras.framework/Versions/A/CoreUtilsExtras
0x00007ff82cf13000 	/System/Library/Frameworks/MediaAccessibility.framework/Versions/A/MediaAccessibility
0x00007ff9290c6000 	/System/Library/PrivateFrameworks/AttributeGraph.framework/Versions/A/AttributeGraph
0x00007ffd23644000 	/usr/lib/libAXSafeCategoryBundle.dylib
0x00007ff91b3b8000 	/usr/lib/libAccessibility.dylib
0x00007ff823fd3000 	/System/Library/Frameworks/Accelerate.framework/Versions/A/Frameworks/vecLib.framework/Versions/A/libvDSP.dylib
0x00007ff825442000 	/System/Library/Frameworks/Accelerate.framework/Versions/A/Frameworks/vecLib.framework/Versions/A/libLAPACK.dylib
0x00007ff824548000 	/System/Library/Frameworks/Accelerate.framework/Versions/A/Frameworks/vecLib.framework/Versions/A/libLinearAlgebra.dylib
0x00007ff825342000 	/System/Library/Frameworks/Accelerate.framework/Versions/A/Frameworks/vecLib.framework/Versions/A/libSparseBLAS.dylib
0x00007ff82543c000 	/System/Library/Frameworks/Accelerate.framework/Versions/A/Frameworks/vecLib.framework/Versions/A/libQuadrature.dylib
0x00007ff82351f000 	/System/Library/Frameworks/Accelerate.framework/Versions/A/Frameworks/vecLib.framework/Versions/A/libBNNS.dylib
0x00007ff817d3f000 	/System/Library/Frameworks/Accelerate.framework/Versions/A/Frameworks/vecLib.framework/Versions/A/libSparse.dylib
0x00007ffc22241000 	/System/Library/PrivateFrameworks/MIL.framework/Versions/A/MIL
0x00007ff827af1000 	/System/Library/PrivateFrameworks/GPUWrangler.framework/Versions/A/GPUWrangler
0x00007ff827ad5000 	/System/Library/PrivateFrameworks/IOPresentment.framework/Versions/A/IOPresentment
0x00007ff827afb000 	/System/Library/PrivateFrameworks/DSExternalDisplay.framework/Versions/A/DSExternalDisplay
0x00007ffa23990000 	/System/Library/PrivateFrameworks/HIDDisplay.framework/Versions/A/HIDDisplay
0x00007ff91a0ef000 	/System/Library/PrivateFrameworks/HID.framework/Versions/A/HID
0x00007ffd19ded000 	/System/Library/PrivateFrameworks/VideoToolboxParavirtualizationSupport.framework/Versions/A/VideoToolboxParavirtualizationSupport
0x00007ff826d56000 	/System/Library/PrivateFrameworks/AppleVA.framework/Versions/A/AppleVA
0x00007ff82ed83000 	/System/Library/PrivateFrameworks/GraphicsServices.framework/Versions/A/GraphicsServices
0x00000001e9119000 	/System/Library/PrivateFrameworks/WiFiPeerToPeer.framework/Versions/A/WiFiPeerToPeerOld.dylib
0x00007ff824f3d000 	/System/Library/Frameworks/UserNotifications.framework/Versions/A/UserNotifications
0x00007ff829565000 	/System/Library/PrivateFrameworks/CorePhoneNumbers.framework/Versions/A/CorePhoneNumbers
0x00007ff82dc3b000 	/System/Library/PrivateFrameworks/MediaKit.framework/Versions/A/MediaKit
0x00007ff82db95000 	/System/Library/Frameworks/DiscRecording.framework/Versions/A/DiscRecording
0x00007ff829362000 	/System/Library/PrivateFrameworks/NetAuth.framework/Versions/A/NetAuth
0x00007ff820919000 	/System/Library/PrivateFrameworks/login.framework/Versions/A/Frameworks/loginsupport.framework/Versions/A/loginsupport
0x00007ff826dc8000 	/System/Library/PrivateFrameworks/IconFoundation.framework/Versions/A/IconFoundation
0x00007ff826b32000 	/usr/lib/libIOReport.dylib
0x00007ffb290de000 	/System/Library/PrivateFrameworks/AppleMobileFileIntegrity.framework/Versions/A/AppleMobileFileIntegrity
0x00007ffd2397b000 	/usr/lib/libTLE.dylib
0x00007ffa31df4000 	/System/Library/PrivateFrameworks/ConfigProfileHelper.framework/Versions/A/ConfigProfileHelper
0x00007ff8244e9000 	/usr/lib/libmecab.dylib
0x00007ff817e3c000 	/usr/lib/libCRFSuite.dylib
0x00007ff817c46000 	/System/Library/PrivateFrameworks/Lexicon.framework/Versions/A/Lexicon
0x00007ff823519000 	/System/Library/PrivateFrameworks/LinguisticData.framework/Versions/A/LinguisticData
0x00007ff82340a000 	/System/Library/PrivateFrameworks/CoreNLP.framework/Versions/A/CoreNLP
0x00007ff824545000 	/usr/lib/libgermantok.dylib
0x00007ff8252fd000 	/usr/lib/libThaiTokenizer.dylib
0x00007ff8244b7000 	/usr/lib/libCheckFix.dylib
0x00007ff81f936000 	/System/Library/PrivateFrameworks/MetadataUtilities.framework/Versions/A/MetadataUtilities
0x00007ffc1ea0b000 	/System/Library/PrivateFrameworks/InstalledContentLibrary.framework/Versions/A/InstalledContentLibrary
0x00007ff81a8fc000 	/System/Library/PrivateFrameworks/CoreServicesStore.framework/Versions/A/CoreServicesStore
0x00007ff9329e7000 	/System/Library/PrivateFrameworks/MobileSystemServices.framework/Versions/A/MobileSystemServices
0x00007ff8268f5000 	/usr/lib/libxslt.1.dylib
0x00007ff82447d000 	/System/Library/PrivateFrameworks/BackgroundTaskManagement.framework/Versions/A/BackgroundTaskManagement
0x00007ff830c40000 	/usr/lib/libcurl.4.dylib
0x00007ffd23d0f000 	/usr/lib/libcrypto.46.dylib
0x00007ffd24280000 	/usr/lib/libssl.48.dylib
0x00007ff830924000 	/System/Library/Frameworks/LDAP.framework/Versions/A/LDAP
0x00007ff83095f000 	/System/Library/PrivateFrameworks/TrustEvaluationAgent.framework/Versions/A/TrustEvaluationAgent
0x00007ff829027000 	/usr/lib/libsasl2.2.dylib
0x00007ff91e993000 	/usr/lib/swift/libswiftCoreGraphics.dylib
0x00007ff82d524000 	/usr/lib/swift/libswiftFoundation.dylib
0x00007ffa318ab000 	/usr/lib/swift/libswiftSwiftOnoneSupport.dylib
0x00007ffa1fc35000 	/System/Library/PrivateFrameworks/CoreMaterial.framework/Versions/A/CoreMaterial
0x00007ffc2be56000 	/System/Library/PrivateFrameworks/SFSymbols.framework/Versions/A/SFSymbols
0x00007ff82c808000 	/System/Library/PrivateFrameworks/SpeechRecognitionCore.framework/Versions/A/SpeechRecognitionCore
0x00000002d82c0000 	/Users/nicholassalmon/.vscode/extensions/redhat.java-1.39.0-darwin-x64/jre/21.0.5-macosx-x86_64/lib/server/libjvm.dylib
0x000000010ffc9000 	/Users/nicholassalmon/.vscode/extensions/redhat.java-1.39.0-darwin-x64/jre/21.0.5-macosx-x86_64/lib/libjimage.dylib
0x000000010ffec000 	/Users/nicholassalmon/.vscode/extensions/redhat.java-1.39.0-darwin-x64/jre/21.0.5-macosx-x86_64/lib/libinstrument.dylib
0x000000011002a000 	/Users/nicholassalmon/.vscode/extensions/redhat.java-1.39.0-darwin-x64/jre/21.0.5-macosx-x86_64/lib/libjava.dylib
0x00000002d4fd8000 	/Users/nicholassalmon/.vscode/extensions/redhat.java-1.39.0-darwin-x64/jre/21.0.5-macosx-x86_64/lib/libzip.dylib
0x00000002d4fb0000 	/Users/nicholassalmon/.vscode/extensions/redhat.java-1.39.0-darwin-x64/jre/21.0.5-macosx-x86_64/lib/libnio.dylib
0x00000002d7401000 	/Users/nicholassalmon/.vscode/extensions/redhat.java-1.39.0-darwin-x64/jre/21.0.5-macosx-x86_64/lib/libnet.dylib
0x00000002d7415000 	/Users/nicholassalmon/.vscode/extensions/redhat.java-1.39.0-darwin-x64/jre/21.0.5-macosx-x86_64/lib/libverify.dylib
0x00000002d742d000 	/Users/nicholassalmon/Library/Application Support/Code/User/globalStorage/redhat.java/1.39.0/config_mac/org.eclipse.equinox.launcher/org.eclipse.equinox.launcher.cocoa.macosx.x86_64_1.2.1100.v20240722-2106/eclipse_11904.so
0x00007ff82061a000 	/System/Library/PrivateFrameworks/ViewBridge.framework/Versions/A/ViewBridge


VM Arguments:
jvm_args: --add-modules=ALL-SYSTEM --add-opens=java.base/java.util=ALL-UNNAMED --add-opens=java.base/java.lang=ALL-UNNAMED --add-opens=java.base/sun.nio.fs=ALL-UNNAMED -Declipse.application=org.eclipse.jdt.ls.core.id1 -Dosgi.bundles.defaultStartLevel=4 -Declipse.product=org.eclipse.jdt.ls.core.product -Djava.import.generatesMetadataFilesAtProjectRoot=false -DDetectVMInstallationsJob.disabled=true -Dfile.encoding=utf8 -XX:+UseParallelGC -XX:GCTimeRatio=4 -XX:AdaptiveSizePolicyWeight=90 -Dsun.zip.disableMemoryMapping=true -Xmx1G -Xms100m -Xlog:disable -javaagent:/Users/nicholassalmon/.vscode/extensions/redhat.java-1.39.0-darwin-x64/lombok/lombok-1.18.34.jar -XX:+HeapDumpOnOutOfMemoryError -XX:HeapDumpPath=/Users/nicholassalmon/Library/Application Support/Code/User/workspaceStorage/25e7e5b28ab985ea253ad46d4a764850/redhat.java -Daether.dependencyCollector.impl=bf 
java_command: /Users/nicholassalmon/.vscode/extensions/redhat.java-1.39.0-darwin-x64/server/plugins/org.eclipse.equinox.launcher_1.6.900.v20240613-2009.jar -configuration /Users/nicholassalmon/Library/Application Support/Code/User/globalStorage/redhat.java/1.39.0/config_mac -data /Users/nicholassalmon/Library/Application Support/Code/User/workspaceStorage/25e7e5b28ab985ea253ad46d4a764850/redhat.java/jdt_ws --pipe=/private/var/folders/jc/_16yk90n31j5g5mr0nv3r4vm0000gn/T/lsp-27c05b1d0a28c697a6d868f43adaf13d.sock
java_class_path (initial): /Users/nicholassalmon/.vscode/extensions/redhat.java-1.39.0-darwin-x64/server/plugins/org.eclipse.equinox.launcher_1.6.900.v20240613-2009.jar
Launcher Type: SUN_STANDARD

[Global flags]
    uintx AdaptiveSizePolicyWeight                 = 90                                        {product} {command line}
     intx CICompilerCount                          = 3                                         {product} {ergonomic}
    uintx GCTimeRatio                              = 4                                         {product} {command line}
     bool HeapDumpOnOutOfMemoryError               = true                                   {manageable} {command line}
    ccstr HeapDumpPath                             = /Users/nicholassalmon/Library/Application Support/Code/User/workspaceStorage/25e7e5b28ab985ea253ad46d4a764850/redhat.java         {manageable} {command line}
   size_t InitialHeapSize                          = 104857600                                 {product} {command line}
   size_t MaxHeapSize                              = 1073741824                                {product} {command line}
   size_t MaxNewSize                               = 357564416                                 {product} {ergonomic}
   size_t MinHeapDeltaBytes                        = 524288                                    {product} {ergonomic}
   size_t MinHeapSize                              = 104857600                                 {product} {command line}
   size_t NewSize                                  = 34603008                                  {product} {ergonomic}
    uintx NonNMethodCodeHeapSize                   = 5832780                                {pd product} {ergonomic}
    uintx NonProfiledCodeHeapSize                  = 122912730                              {pd product} {ergonomic}
   size_t OldSize                                  = 70254592                                  {product} {ergonomic}
    uintx ProfiledCodeHeapSize                     = 122912730                              {pd product} {ergonomic}
    uintx ReservedCodeCacheSize                    = 251658240                              {pd product} {ergonomic}
     bool SegmentedCodeCache                       = true                                      {product} {ergonomic}
   size_t SoftMaxHeapSize                          = 1073741824                             {manageable} {ergonomic}
     bool UseCompressedOops                        = true                           {product lp64_product} {ergonomic}
     bool UseNUMA                                  = false                                     {product} {ergonomic}
     bool UseNUMAInterleaving                      = false                                     {product} {ergonomic}
     bool UseParallelGC                            = true                                      {product} {command line}

Logging:
Log output configuration:
 #0: stdout all=off uptime,level,tags foldmultilines=false
 #1: stderr all=off uptime,level,tags foldmultilines=false

Environment Variables:
PATH=/usr/bin:/bin:/usr/sbin:/sbin:/usr/local/bin
SHELL=/bin/zsh
TMPDIR=/var/folders/jc/_16yk90n31j5g5mr0nv3r4vm0000gn/T/

Active Locale:
LC_ALL=C
LC_COLLATE=C
LC_CTYPE=C
LC_MESSAGES=C
LC_MONETARY=C
LC_NUMERIC=C
LC_TIME=C

Signal Handlers:
   SIGSEGV: crash_handler in libjvm.dylib, mask=11100110000111110111111111111111, flags=SA_ONSTACK|SA_RESTART|SA_SIGINFO, unblocked
    SIGBUS: crash_handler in libjvm.dylib, mask=11100110000111110111111111111111, flags=SA_RESTART|SA_SIGINFO, unblocked
    SIGFPE: crash_handler in libjvm.dylib, mask=11100110000111110111111111111111, flags=SA_RESTART|SA_SIGINFO, unblocked
   SIGPIPE: javaSignalHandler in libjvm.dylib, mask=11100110000111110111111111111111, flags=SA_RESTART|SA_SIGINFO, blocked
   SIGXFSZ: javaSignalHandler in libjvm.dylib, mask=11100110000111110111111111111111, flags=SA_RESTART|SA_SIGINFO, blocked
    SIGILL: crash_handler in libjvm.dylib, mask=11100110000111110111111111111111, flags=SA_RESTART|SA_SIGINFO, unblocked
   SIGUSR2: SR_handler in libjvm.dylib, mask=00000000000000000000000000000000, flags=SA_RESTART|SA_SIGINFO, blocked
    SIGHUP: UserHandler in libjvm.dylib, mask=11100110000111110111111111111111, flags=SA_RESTART|SA_SIGINFO, blocked
    SIGINT: UserHandler in libjvm.dylib, mask=11100110000111110111111111111111, flags=SA_RESTART|SA_SIGINFO, blocked
   SIGTERM: UserHandler in libjvm.dylib, mask=11100110000111110111111111111111, flags=SA_RESTART|SA_SIGINFO, blocked
   SIGQUIT: UserHandler in libjvm.dylib, mask=11100110000111110111111111111111, flags=SA_RESTART|SA_SIGINFO, blocked
   SIGTRAP: crash_handler in libjvm.dylib, mask=11100110000111110111111111111111, flags=SA_RESTART|SA_SIGINFO, unblocked


Periodic native trim disabled

---------------  S Y S T E M  ---------------

OS:
uname: Darwin 24.3.0 Darwin Kernel Version 24.3.0: Thu Jan  2 20:22:00 PST 2025; root:xnu-11215.81.4~3/RELEASE_X86_64 x86_64
OS uptime: 0 days 0:04 hours
rlimit (soft/hard): STACK 8192k/65532k , CORE 0k/infinity , NPROC 2784/4176 , NOFILE 2147483647/infinity , AS infinity/infinity , CPU infinity/infinity , DATA infinity/infinity , FSIZE infinity/infinity , MEMLOCK infinity/infinity , RSS infinity/infinity
load average: 948.46 486.42 210.25

CPU: total 4 (initial active 4) (2 cores per cpu, 2 threads per core) family 6 model 61 stepping 4 microcode 0x2f, cx8, cmov, fxsr, ht, mmx, 3dnowpref, sse, sse2, sse3, ssse3, sse4.1, sse4.2, popcnt, lzcnt, tsc, tscinvbit, avx, avx2, aes, erms, clmul, bmi1, bmi2, adx, fma, vzeroupper, clflush, rdtscp, f16c
machdep.cpu.brand_string:Intel(R) Core(TM) i7-5557U CPU @ 3.10GHz
hw.cpufrequency:3100000000
hw.cpufrequency_min:3100000000
hw.cpufrequency_max:3100000000
hw.cachelinesize:64
hw.l1icachesize:32768
hw.l1dcachesize:32768
hw.l2cachesize:262144
hw.l3cachesize:4194304

Memory: 4k page, physical 16777216k(4399384k free), swap 0k(0k free)

vm_info: OpenJDK 64-Bit Server VM (21.0.5+11-LTS) for bsd-amd64 JRE (21.0.5+11-LTS), built on 2024-10-15T00:00:00Z by "admin" with clang Apple LLVM 15.0.0 (clang-1500.1.0.2.5)

END.
